Gate_Leakage              Intrinsic_Leakage         Total_Leakage             Cell                     
--------------------------------------------------------------------------------
*                         *                         *                         optlc_2665               
*                         *                         *                         optlc_2663               
*                         *                         *                         optlc_2664               
0                         2.353759964712765e-10     2.353759964712765e-10     U30                      
0                         2.353759964712765e-10     2.353759964712765e-10     U361                     
0                         1.46315237703476e-10      1.46315237703476e-10      U183                     
0                         2.017388700537026e-09     2.017388700537026e-09     ctmTdsLR_1_2495          
0                         4.182234836225263e-10     4.182234836225263e-10     ZBUF_2_inst_2136         
0                         4.182235113781019e-10     4.182235113781019e-10     ropt_h_inst_2789         
0                         1.652303183163895e-09     1.652303183163895e-09     ropt_d_inst_2894         
0                         3.066260134687582e-09     3.066260134687582e-09     ctmTdsLR_2_1038          
0                         1.399552140846083e-09     1.399552140846083e-09     U6                       
0                         2.364746842786758e-09     2.364746842786758e-09     U10                      
0                         4.182234836225263e-10     4.182234836225263e-10     copt_h_inst_2638         
0                         1.702780000334414e-10     1.702780000334414e-10     ctmTdsLR_2_2088          
0                         4.182234836225263e-10     4.182234836225263e-10     copt_h_inst_2650         
0                         3.234056356049564e-10     3.234056356049564e-10     ctmTdsLR_4_1569          
0                         1.406114336077735e-09     1.406114336077735e-09     U175                     
0                         1.136693961178992e-09     1.136693961178992e-09     copt_h_inst_2630         
0                         5.777088807334962e-10     5.777088807334962e-10     U184                     
0                         4.182234836225263e-10     4.182234836225263e-10     copt_h_inst_2631         
0                         4.182235113781019e-10     4.182235113781019e-10     ropt_h_inst_2788         
0                         3.613283228176556e-09     3.613283228176556e-09     rx_valid_r_reg           
0                         1.352481016070328e-09     1.352481016070328e-09     U15                      
0                         2.026828260781599e-09     2.026828260781599e-09     U172                     
0                         4.182235113781019e-10     4.182235113781019e-10     copt_h_inst_2654         
0                         1.702780000334414e-10     1.702780000334414e-10     ctmTdsLR_3_1568          
0                         4.433263200986914e-10     4.433263200986914e-10     ctmTdsLR_2_398           
0                         4.182234836225263e-10     4.182234836225263e-10     copt_h_inst_2636         
0                         4.412947229859299e-10     4.412947229859299e-10     ctmTdsLR_4_450           
0                         1.765179225010627e-09     1.765179225010627e-09     ctmTdsLR_1_561           
0                         4.182234836225263e-10     4.182234836225263e-10     copt_h_inst_2632         
0                         3.259011283063273e-09     3.259011283063273e-09     ctmTdsLR_1_2068          
0                         4.855215118837464e-10     4.855215118837464e-10     ctmTdsLR_2_2604          
0                         3.870470166589257e-09     3.870470166589257e-09     ZCTSBUF_1822_2137        
0                         6.011739994704612e-10     6.011739994704612e-10     U76                      
0                         6.363729543323871e-10     6.363729543323871e-10     ctmTdsLR_2_1055          
0                         4.182234836225263e-10     4.182234836225263e-10     copt_h_inst_2644         
0                         1.213479650097327e-09     1.213479650097327e-09     U11                      
0                         2.786917807640066e-09     2.786917807640066e-09     U135                     
0                         1.415912831426169e-09     1.415912831426169e-09     U133                     
0                         2.095272289004413e-10     2.095272289004413e-10     U651                     
0                         6.272146690911029e-10     6.272146690911029e-10     U163                     
0                         9.14968900644908e-09      9.14968900644908e-09      ZCTSBUF_3304_2138        
0                         4.182235113781019e-10     4.182235113781019e-10     ropt_h_inst_2787         
0                         2.350760475167135e-09     2.350760475167135e-09     U2210                    
0                         6.311393074831528e-10     6.311393074831528e-10     U371                     
0                         2.177466124075877e-10     2.177466124075877e-10     ctmTdsLR_2_529           
0                         1.819849826389941e-09     1.819849826389941e-09     ctmTdsLR_1_1054          
0                         3.029939854570785e-09     3.029939854570785e-09     rxd_r_reg                
0                         1.062465448953276e-09     1.062465448953276e-09     U180                     
0                         5.739258512882373e-10     5.739258512882373e-10     U171                     
0                         6.296236865210858e-09     6.296236865210858e-09     U150                     
0                         1.869124854891879e-10     1.869124854891879e-10     ctmTdsLR_2_2558          
0                         1.546026306975534e-09     1.546026306975534e-09     U16                      
0                         1.493997370261013e-09     1.493997370261013e-09     U111                     
0                         4.182234836225263e-10     4.182234836225263e-10     copt_h_inst_2652         
0                         3.066260134687582e-09     3.066260134687582e-09     ZBUF_34_inst_2426        
0                         2.663214315745677e-09     2.663214315745677e-09     U248                     
0                         6.036145472343435e-10     6.036145472343435e-10     U29                      
0                         4.182234836225263e-10     4.182234836225263e-10     copt_h_inst_2651         
0                         1.702780000334414e-10     1.702780000334414e-10     U28                      
0                         4.182235113781019e-10     4.182235113781019e-10     copt_h_inst_2655         
0                         2.995206971334596e-09     2.995206971334596e-09     U301                     
0                         4.182234836225263e-10     4.182234836225263e-10     copt_h_inst_2635         
0                         4.182234836225263e-10     4.182234836225263e-10     copt_h_inst_2637         
0                         4.182234836225263e-10     4.182234836225263e-10     copt_h_inst_2639         
0                         4.182234836225263e-10     4.182234836225263e-10     copt_h_inst_2646         
0                         4.182234836225263e-10     4.182234836225263e-10     copt_h_inst_2648         
0                         1.702780000334414e-10     1.702780000334414e-10     ctmTdsLR_1_566           
0                         4.182235113781019e-10     4.182235113781019e-10     ropt_h_inst_2790         
0                         4.182235113781019e-10     4.182235113781019e-10     ropt_h_inst_2792         
0                         3.43542883030068e-09      3.43542883030068e-09      ctmTdsLR_1_2059          
0                         3.52324974750573e-10      3.52324974750573e-10      U53                      
0                         8.176419541428004e-09     8.176419541428004e-09     U73                      
0                         1.55128976331298e-09      1.55128976331298e-09      ctmTdsLR_1_426           
0                         5.948511128117673e-10     5.948511128117673e-10     ctmTdsLR_2_511           
0                         3.214730703859914e-09     3.214730703859914e-09     U1610                    
0                         2.317045222355318e-09     2.317045222355318e-09     gre_INV_152_inst_2768    
0                         5.723497786824794e-10     5.723497786824794e-10     ctmTdsLR_1_1037          
0                         1.400652038796579e-09     1.400652038796579e-09     ctmTdsLR_1_2499          
0                         4.182234836225263e-10     4.182234836225263e-10     copt_h_inst_2642         
0                         1.821417461300712e-09     1.821417461300712e-09     ctosc_gls_inst_2311      
0                         4.182234836225263e-10     4.182234836225263e-10     copt_h_inst_2634         
0                         9.14968900644908e-09      9.14968900644908e-09      ctosc_gls_inst_2312      
0                         4.182234836225263e-10     4.182234836225263e-10     copt_h_inst_2645         
0                         4.182234836225263e-10     4.182234836225263e-10     copt_h_inst_2647         
0                         4.412947229859299e-10     4.412947229859299e-10     ctmTdsLR_1_2095          
0                         1.702780000334414e-10     1.702780000334414e-10     ctmTdsLR_3_2598          
0                         1.246412639765992e-09     1.246412639765992e-09     ctmTdsLR_2_1135          
0                         4.182234836225263e-10     4.182234836225263e-10     copt_h_inst_2649         
0                         4.360926730839765e-09     4.360926730839765e-09     rx_sio_ce_r2_reg         
0                         1.354843015555218e-09     1.354843015555218e-09     U321                     
0                         4.811290255091194e-10     4.811290255091194e-10     U130                     
0                         8.823393571333327e-09     8.823393571333327e-09     ctmTdsLR_1_2460          
0                         4.182234836225263e-10     4.182234836225263e-10     ropt_h_inst_2795         
0                         4.182234836225263e-10     4.182234836225263e-10     copt_h_inst_2653         
0                         7.617844688390107e-10     7.617844688390107e-10     U52                      
0                         1.221998502387578e-09     1.221998502387578e-09     U244                     
0                         9.007234957891797e-10     9.007234957891797e-10     ctmTdsLR_2_2539          
0                         5.885256726401167e-10     5.885256726401167e-10     U21                      
0                         5.916562240138035e-10     5.916562240138035e-10     ctmTdsLR_1_569           
0                         3.352987609783753e-10     3.352987609783753e-10     ctmTdsLR_2_2594          
0                         2.105490504167307e-10     2.105490504167307e-10     U189                     
0                         1.585261477643485e-09     1.585261477643485e-09     U2410                    
0                         2.914596120007218e-09     2.914596120007218e-09     U201                     
0                         1.420363271442682e-10     1.420363271442682e-10     U136                     
0                         3.31878968751198e-10      3.31878968751198e-10      U671                     
0                         3.17653370274229e-09      3.17653370274229e-09      U1710                    
0                         4.182234836225263e-10     4.182234836225263e-10     copt_h_inst_2641         
0                         4.236953454750392e-09     4.236953454750392e-09     rxd_s_reg                
0                         8.187689970462486e-10     8.187689970462486e-10     U178                     
0                         1.456301967905915e-09     1.456301967905915e-09     ZINV_60_inst_2336        
0                         5.990681284373522e-10     5.990681284373522e-10     U182                     
0                         1.393100856894591e-09     1.393100856894591e-09     ctmTdsLR_3_429           
0                         4.557119126502585e-10     4.557119126502585e-10     ctmTdsLR_3_2102          
0                         5.24119636580167e-10      5.24119636580167e-10      ctmTdsLR_2_2607          
0                         1.033524377191952e-09     1.033524377191952e-09     U139                     
0                         2.921615616102713e-09     2.921615616102713e-09     U202                     
0                         2.921808794908998e-09     2.921808794908998e-09     U203                     
0                         2.925594655422969e-09     2.925594655422969e-09     U204                     
0                         2.919028796455336e-09     2.919028796455336e-09     U205                     
0                         2.928626230414011e-09     2.928626230414011e-09     U206                     
0                         1.82271220339203e-09      1.82271220339203e-09      ctmTdsLR_2_1579          
0                         9.586340610212574e-10     9.586340610212574e-10     ctmTdsLR_1_2557          
0                         5.334166996995293e-10     5.334166996995293e-10     ctmTdsLR_3_2605          
0                         2.555666789305633e-09     2.555666789305633e-09     ctmTdsLR_5_2521          
0                         1.070620120335875e-10     1.070620120335875e-10     ctmTdsLR_2_1010          
0                         3.34206023966388e-10      3.34206023966388e-10      ctmTdsLR_2_2597          
0                         6.163488608379453e-10     6.163488608379453e-10     ctmTdsLR_2_2614          
0                         1.162370533158708e-09     1.162370533158708e-09     U132                     
0                         1.136691518688338e-09     1.136691518688338e-09     ropt_h_inst_2899         
0                         7.131909507407386e-10     7.131909507407386e-10     ctmTdsLR_1_1630          
0                         4.182234836225263e-10     4.182234836225263e-10     copt_h_inst_2640         
0                         9.321853511323752e-09     9.321853511323752e-09     U8                       
0                         3.459091346691423e-10     3.459091346691423e-10     ctmTdsLR_3_2595          
0                         7.562435122565603e-10     7.562435122565603e-10     U141                     
0                         1.766256252366816e-09     1.766256252366816e-09     ctmTdsLR_1_484           
0                         4.997603997303202e-10     4.997603997303202e-10     ctmTdsLR_1_570           
0                         1.135696425791366e-09     1.135696425791366e-09     U351                     
0                         1.702780000334414e-10     1.702780000334414e-10     ctmTdsLR_2_1611          
0                         2.936882514958938e-09     2.936882514958938e-09     U3                       
0                         3.13166159671141e-09      3.13166159671141e-09      ctmTdsLR_2_2518          
0                         2.45171394297472e-09      2.45171394297472e-09      U179                     
0                         3.191481967590448e-09     3.191481967590448e-09     ctsctobgt_st1_inst_2422  
0                         2.925940323361687e-10     2.925940323361687e-10     ctmTdsLR_2_567           
0                         1.410671912616124e-09     1.410671912616124e-09     ctmTdsLR_3_1065          
0                         1.460771725803056e-09     1.460771725803056e-09     U198                     
0                         1.963226803347595e-10     1.963226803347595e-10     ctmTdsLR_6_490           
0                         1.702780000334414e-10     1.702780000334414e-10     U25                      
0                         2.723645087243654e-09     2.723645087243654e-09     rxr_reg_2_               
0                         5.466044838975392e-10     5.466044838975392e-10     ctmTdsLR_1_2599          
0                         8.020255570784229e-10     8.020255570784229e-10     ctmTdsLR_1_2038          
0                         1.588042142230961e-09     1.588042142230961e-09     ctmTdsLR_2_1064          
0                         2.038928803571594e-09     2.038928803571594e-09     ctmTdsLR_1_568           
0                         2.022551681690743e-09     2.022551681690743e-09     U70                      
0                         1.52333623493206e-09      1.52333623493206e-09      U72                      
0                         1.821417461300712e-09     1.821417461300712e-09     ctosc_gls_inst_2309      
0                         4.18223788933858e-10      4.18223788933858e-10      ZBUF_2_inst_776          
0                         8.682236041224201e-10     8.682236041224201e-10     gre_INV_55_inst_2668     
0                         1.019628270704231e-09     1.019628270704231e-09     ctmTdsLR_2_2101          
0                         3.410795257341448e-10     3.410795257341448e-10     ctmTdsLR_1_2501          
0                         5.003870096054186e-10     5.003870096054186e-10     ctmTdsLR_1_510           
0                         2.489748851530749e-09     2.489748851530749e-09     ctmTdsLR_1_1608          
0                         7.514410760300905e-10     7.514410760300905e-10     ctmTdsLR_1_435           
0                         2.485641137361938e-10     2.485641137361938e-10     ctmTdsLR_4_488           
0                         4.21240597958672e-10      4.21240597958672e-10      ctmTdsLR_3_2628          
0                         3.847700380532615e-09     3.847700380532615e-09     U18                      
0                         2.870646165220592e-09     2.870646165220592e-09     U19                      
0                         9.884630891576762e-10     9.884630891576762e-10     ctmTdsLR_1_2450          
0                         1.821417461300712e-09     1.821417461300712e-09     ctosc_gls_inst_2310      
0                         6.932464602371624e-10     6.932464602371624e-10     ctmTdsLR_2_2500          
0                         1.714156733223504e-10     1.714156733223504e-10     ctmTdsLR_3_2519          
0                         5.904845945536863e-09     5.904845945536863e-09     mem_reg_0__2_            
0                         1.17033849278414e-09      1.17033849278414e-09      ctmTdsLR_2_525           
0                         3.12670223046041e-10      3.12670223046041e-10      ctmTdsLR_5_489           
0                         1.679773875551405e-09     1.679773875551405e-09     ctmTdsLR_1_1619          
0                         5.559575022573426e-10     5.559575022573426e-10     ctmTdsLR_2_415           
0                         3.58696961022531e-10      3.58696961022531e-10      ctmTdsLR_1_2458          
0                         5.969163829888657e-09     5.969163829888657e-09     mem_reg_2__0_            
0                         7.336449225903152e-10     7.336449225903152e-10     ctmTdsLR_1_2612          
0                         1.791310433318927e-09     1.791310433318927e-09     ctmTdsLR_1_1009          
0                         4.207759474184058e-09     4.207759474184058e-09     rxr_reg_6_               
0                         1.714964170673738e-09     1.714964170673738e-09     U174                     
0                         5.89919801896599e-09      5.89919801896599e-09      mem_reg_0__0_            
0                         1.095605051126824e-09     1.095605051126824e-09     U177                     
0                         1.095688095809066e-09     1.095688095809066e-09     ctmTdsLR_1_1623          
0                         5.944963188397878e-09     5.944963188397878e-09     mem_reg_2__1_            
0                         5.906830136126473e-09     5.906830136126473e-09     mem_reg_0__1_            
0                         1.790197851070374e-10     1.790197851070374e-10     U245                     
0                         3.960925754054045e-10     3.960925754054045e-10     ctmTdsLR_5_993           
0                         4.182236779115556e-10     4.182236779115556e-10     ropt_h_inst_2898         
0                         7.937747126263162e-10     7.937747126263162e-10     ctmTdsLR_3_487           
0                         1.207172806161338e-09     1.207172806161338e-09     U47                      
0                         3.800238790319099e-09     3.800238790319099e-09     change_reg               
0                         2.334940019110832e-10     2.334940019110832e-10     ctmTdsLR_3_440           
0                         9.670948486473208e-10     9.670948486473208e-10     ctmTdsLR_1_2596          
0                         4.182239832228873e-10     4.182239832228873e-10     copt_h_inst_2643         
0                         2.687712941096265e-09     2.687712941096265e-09     ctmTdsLR_1_2593          
0                         3.613330523677405e-09     3.613330523677405e-09     rx_valid_reg             
0                         7.191535145167904e-10     7.191535145167904e-10     ctmTdsLR_1_2100          
0                         3.150542937646605e-09     3.150542937646605e-09     ctmTdsLR_1_401           
0                         2.000684284908516e-09     2.000684284908516e-09     ropt_d_inst_2895         
0                         7.425293158114243e-10     7.425293158114243e-10     ctmTdsLR_1_982           
0                         1.584345210581262e-09     1.584345210581262e-09     ctmTdsLR_2_2627          
0                         5.940779868041091e-09     5.940779868041091e-09     mem_reg_2__7_            
0                         5.957950577339943e-09     5.957950577339943e-09     mem_reg_2__6_            
0                         5.958825433083348e-09     5.958825433083348e-09     mem_reg_2__5_            
0                         5.947434544850694e-09     5.947434544850694e-09     mem_reg_2__4_            
0                         1.320444975583257e-09     1.320444975583257e-09     ctmTdsLR_1_2538          
0                         5.924273072110964e-09     5.924273072110964e-09     load_reg                 
0                         1.136693961178992e-09     1.136693961178992e-09     ctsctobgt_st1_inst_2421  
0                         4.217217242086235e-09     4.217217242086235e-09     rxr_reg_8_               
0                         5.950934411913522e-09     5.950934411913522e-09     mem_reg_2__3_            
0                         7.549130209838495e-10     7.549130209838495e-10     ctmTdsLR_3_399           
0                         2.99530045211327e-09      2.99530045211327e-09      ctmTdsLR_1_987           
0                         5.89508175607989e-09      5.89508175607989e-09      mem_reg_0__4_            
0                         5.896779065039937e-09     5.896779065039937e-09     mem_reg_0__3_            
0                         1.084118794736355e-09     1.084118794736355e-09     ctmTdsLR_1_1615          
0                         1.078126699027848e-09     1.078126699027848e-09     ctmTdsLR_1_1617          
0                         6.132703234129622e-09     6.132703234129622e-09     rx_sio_ce_reg            
0                         4.327012914639994e-10     4.327012914639994e-10     ctmTdsLR_1_2589          
0                         4.198902558982809e-09     4.198902558982809e-09     rxr_reg_3_               
0                         9.219993657438863e-10     9.219993657438863e-10     ctmTdsLR_6_2522          
0                         1.71007386029487e-09      1.71007386029487e-09      ctmTdsLR_1_1063          
0                         4.208591697363318e-09     4.208591697363318e-09     rxr_reg_4_               
0                         1.737563093406891e-09     1.737563093406891e-09     ctmTdsLR_3_1612          
0                         1.116676862089605e-09     1.116676862089605e-09     U33                      
0                         4.225955585468455e-09     4.225955585468455e-09     rxr_reg_5_               
0                         1.091062795666176e-09     1.091062795666176e-09     ctmTdsLR_1_2603          
0                         1.497558743679406e-09     1.497558743679406e-09     ctmTdsLR_1_2048          
0                         3.909331469653665e-10     3.909331469653665e-10     U391                     
0                         8.865197465013352e-09     8.865197465013352e-09     U56                      
0                         5.368734901090022e-10     5.368734901090022e-10     ctmTdsLR_3_2608          
0                         1.821417461300712e-09     1.821417461300712e-09     ctosc_gls_inst_2307      
0                         3.191481967590448e-09     3.191481967590448e-09     ctosc_gls_inst_2308      
0                         9.38339073108807e-10      9.38339073108807e-10      U77                      
0                         4.912014128777287e-10     4.912014128777287e-10     U78                      
0                         1.393141157990385e-09     1.393141157990385e-09     U91                      
0                         1.190205822787505e-09     1.190205822787505e-09     ctmTdsLR_2_520           
0                         3.947162041662011e-10     3.947162041662011e-10     ctmTdsLR_1_2517          
0                         6.647381312063771e-09     6.647381312063771e-09     rx_go_reg                
0                         5.903366240289643e-09     5.903366240289643e-09     mem_reg_0__5_            
0                         1.078755751393601e-09     1.078755751393601e-09     ctmTdsLR_1_1011          
0                         5.903911137750129e-09     5.903911137750129e-09     mem_reg_0__6_            
0                         1.202117405618708e-09     1.202117405618708e-09     ctmTdsLR_2_1589          
0                         2.235547524875869e-09     2.235547524875869e-09     ctmTdsLR_2_1593          
0                         1.211823419389191e-09     1.211823419389191e-09     ctmTdsLR_2_1597          
0                         5.900592014995709e-09     5.900592014995709e-09     mem_reg_0__7_            
0                         1.083496292686448e-09     1.083496292686448e-09     ctmTdsLR_2_2588          
0                         2.511832519758173e-09     2.511832519758173e-09     U811                     
0                         4.363353234282386e-09     4.363353234282386e-09     rx_sio_ce_r1_reg         
0                         5.966592109274416e-09     5.966592109274416e-09     mem_reg_2__2_            
0                         4.096852301849196e-10     4.096852301849196e-10     U128                     
0                         1.63196967051249e-09      1.63196967051249e-09      ctmTdsLR_1_400           
0                         7.478421215623143e-10     7.478421215623143e-10     U101                     
0                         1.174600083864163e-09     1.174600083864163e-09     ctmTdsLR_2_499           
0                         4.220531479859346e-09     4.220531479859346e-09     rxr_reg_7_               
0                         2.865849779709606e-09     2.865849779709606e-09     U54                      
0                         7.610476693287183e-10     7.610476693287183e-10     ctmTdsLR_1_2587          
0                         1.1366988461603e-09       1.1366988461603e-09       ropt_h_inst_2793         
0                         1.00477948183908e-09      1.00477948183908e-09      U173                     
0                         1.594548604266777e-09     1.594548604266777e-09     ctmTdsLR_1_2626          
0                         8.198182133156706e-10     8.198182133156706e-10     ctmTdsLR_3_2440          
0                         1.412800876288145e-09     1.412800876288145e-09     ctmTdsLR_1_2546          
0                         5.951729331599154e-09     5.951729331599154e-09     mem_reg_1__5_            
0                         1.415734529608415e-09     1.415734529608415e-09     ctmTdsLR_1_2461          
0                         1.230736845769798e-09     1.230736845769798e-09     ctmTdsLR_1_2468          
0                         1.551101469488003e-09     1.551101469488003e-09     U291                     
0                         5.95846394446653e-09      5.95846394446653e-09      mem_reg_3__3_            
0                         1.296928453520252e-09     1.296928453520252e-09     U164                     
0                         1.116496006758894e-09     1.116496006758894e-09     ctmTdsLR_2_2591_roptpi_2629
0                         5.950375303598321e-09     5.950375303598321e-09     mem_reg_1__7_            
0                         7.070475871451265e-10     7.070475871451265e-10     ctmTdsLR_3_991           
0                         5.960716809028099e-09     5.960716809028099e-09     mem_reg_3__5_            
0                         5.965933969065418e-09     5.965933969065418e-09     mem_reg_3__6_            
0                         1.070620120335875e-10     1.070620120335875e-10     ctmTdsLR_3_1051          
0                         5.958219251311903e-09     5.958219251311903e-09     mem_reg_3__1_            
0                         5.947343062473465e-09     5.947343062473465e-09     mem_reg_1__2_            
0                         1.688435280478018e-09     1.688435280478018e-09     U74                      
0                         5.961298565893003e-09     5.961298565893003e-09     mem_reg_1__1_            
0                         4.232028949502364e-09     4.232028949502364e-09     rxr_reg_9_               
0                         7.608740304476669e-10     7.608740304476669e-10     U31                      
0                         4.419257182419756e-10     4.419257182419756e-10     U176                     
0                         1.690062534365211e-09     1.690062534365211e-09     ctmTdsLR_1_2457          
0                         5.936482860846581e-09     5.936482860846581e-09     mem_reg_1__4_            
0                         5.944551961789557e-09     5.944551961789557e-09     mem_reg_1__0_            
0                         1.009022643216895e-09     1.009022643216895e-09     ctmTdsLR_1_2606          
0                         2.205947202682523e-09     2.205947202682523e-09     U510                     
0                         1.390976667181576e-09     1.390976667181576e-09     ctmTdsLR_4_2520          
0                         5.301999950191316e-10     5.301999950191316e-10     ctmTdsLR_3_2615          
0                         5.96649041284536e-09      5.96649041284536e-09      mem_reg_3__0_            
0                         5.948615378059685e-09     5.948615378059685e-09     mem_reg_3__4_            
0                         3.897755895820865e-09     3.897755895820865e-09     shift_en_r_reg           
0                         5.961202198534465e-09     5.961202198534465e-09     mem_reg_3__2_            
0                         4.245256146617749e-09     4.245256146617749e-09     shift_en_reg             
0                         7.611419272635089e-10     7.611419272635089e-10     ctmTdsLR_2_1616          
0                         7.607123819752815e-10     7.607123819752815e-10     ctmTdsLR_2_1618          
0                         7.605569507518339e-10     7.605569507518339e-10     ctmTdsLR_2_1624          
0                         7.60944640632033e-10      7.60944640632033e-10      U46                      
0                         4.925033270097856e-09     4.925033270097856e-09     ctmTdsLR_1_2056          
0                         3.72085962041524e-09      3.72085962041524e-09      ctmTdsLR_1_2525          
0                         4.661118158111321e-10     4.661118158111321e-10     U60                      
0                         4.430249223030813e-10     4.430249223030813e-10     U66                      
0                         2.127798826023763e-09     2.127798826023763e-09     U67                      
0                         2.865162329612758e-09     2.865162329612758e-09     U69                      
0                         3.191481967590448e-09     3.191481967590448e-09     ctosc_gls_inst_2313      
0                         1.566064083968755e-10     1.566064083968755e-10     ctmTdsLR_1_414           
0                         8.532757278523206e-10     8.532757278523206e-10     ctmTdsLR_1_423           
0                         5.94679372412088e-09      5.94679372412088e-09      mem_reg_1__6_            
0                         3.845583296246957e-10     3.845583296246957e-10     U2010                    
0                         2.573096624658433e-09     2.573096624658433e-09     ctmTdsLR_1_1592          
0                         5.951677373161601e-09     5.951677373161601e-09     mem_reg_3__7_            
0                         5.942657477220337e-09     5.942657477220337e-09     mem_reg_1__3_            
0                         5.720441897949513e-09     5.720441897949513e-09     wp_reg_0_                
0                         1.010586947458592e-09     1.010586947458592e-09     ctmTdsLR_1_1613          
0                         1.096097768105153e-09     1.096097768105153e-09     ctmTdsLR_4_2516          
0                         7.465660867289614e-10     7.465660867289614e-10     U591                     
0                         3.426039729692576e-10     3.426039729692576e-10     U223                     
0                         2.012037869647543e-09     2.012037869647543e-09     ctmTdsLR_1_1595          
0                         9.367467912468896e-10     9.367467912468896e-10     U238                     
0                         1.08951025978854e-09      1.08951025978854e-09      U541                     
0                         4.182239832228873e-10     4.182239832228873e-10     ropt_h_inst_2897         
0                         6.776560423915612e-10     6.776560423915612e-10     ctmTdsLR_3_2622          
0                         4.182239832228873e-10     4.182239832228873e-10     ctmTdsLR_1_2616          
0                         1.075330491318027e-09     1.075330491318027e-09     U481                     
0                         5.069733965967771e-09     5.069733965967771e-09     dpll_state_reg_0_        
0                         7.470254970165513e-10     7.470254970165513e-10     U531                     
0                         1.073329647383048e-09     1.073329647383048e-09     U631                     
0                         2.765507822743984e-09     2.765507822743984e-09     hold_reg_reg_0_          
0                         7.387710443396145e-10     7.387710443396145e-10     U411                     
0                         1.602187604810013e-09     1.602187604810013e-09     U421                     
0                         7.586671846304682e-10     7.586671846304682e-10     U441                     
0                         1.61207147630904e-09      1.61207147630904e-09      U451                     
0                         3.637666168287979e-09     3.637666168287979e-09     rx_bit_cnt_reg_2_        
0                         9.808942547095967e-10     9.808942547095967e-10     ctmTdsLR_3_2619          
0                         7.696960846459433e-10     7.696960846459433e-10     U471                     
0                         7.539494584207773e-10     7.539494584207773e-10     U501                     
0                         3.911645729548496e-10     3.911645729548496e-10     ctmTdsLR_1_534           
0                         8.56152926331788e-10      8.56152926331788e-10      U220                     
0                         1.003618077533019e-09     1.003618077533019e-09     ctmTdsLR_3_2515          
0                         6.733182900120482e-10     6.733182900120482e-10     ctmTdsLR_3_2625          
0                         3.60644536456789e-09      3.60644536456789e-09      dpll_state_reg_1_        
0                         4.553431798282048e-10     4.553431798282048e-10     ctmTdsLR_2_2624          
0                         9.905399833698425e-10     9.905399833698425e-10     U229                     
0                         8.54627479895953e-10      8.54627479895953e-10      ctmTdsLR_1_2544          
0                         1.416133876830372e-09     1.416133876830372e-09     ctmTdsLR_2_1067          
0                         7.528259682310079e-10     7.528259682310079e-10     U561                     
0                         3.750965094084791e-10     3.750965094084791e-10     ctmTdsLR_2_998           
0                         9.367764342016471e-10     9.367764342016471e-10     U235                     
0                         1.663706949983634e-09     1.663706949983634e-09     ctmTdsLR_1_397           
0                         6.709210409461264e-10     6.709210409461264e-10     ctmTdsLR_2_2618          
0                         4.411014664640334e-09     4.411014664640334e-09     txf_empty_r_reg          
0                         8.400656281715158e-10     8.400656281715158e-10     ctmTdsLR_1_2613          
0                         3.927629887989781e-10     3.927629887989781e-10     U57                      
0                         7.861700179745412e-10     7.861700179745412e-10     ctmTdsLR_4_1052          
0                         4.637701334075928e-10     4.637701334075928e-10     ctmTdsLR_2_2621          
0                         5.500633282196077e-09     5.500633282196077e-09     wp_reg_1_                
0                         7.251106937111729e-10     7.251106937111729e-10     ctmTdsLR_1_434           
0                         1.933226689843082e-09     1.933226689843082e-09     ctmTdsLR_1_452           
0                         1.61072655213701e-09      1.61072655213701e-09      ZBUF_49_inst_2067        
0                         7.50582818120904e-10      7.50582818120904e-10      U621                     
0                         9.214164986559581e-10     9.214164986559581e-10     U226                     
0                         2.943223886830992e-09     2.943223886830992e-09     ctmTdsLR_1_2040          
0                         1.607576294304636e-10     1.607576294304636e-10     U59                      
0                         5.711130679486587e-09     5.711130679486587e-09     rp_reg_0_1               
0                         2.784412700407302e-09     2.784412700407302e-09     txd_o_reg                
0                         4.182239832228873e-10     4.182239832228873e-10     ropt_h_inst_2794         
0                         6.036696698075161e-10     6.036696698075161e-10     ctmTdsLR_2_2514          
0                         1.497194479505026e-09     1.497194479505026e-09     ctmTdsLR_1_2545          
0                         2.336290882976044e-10     2.336290882976044e-10     ctmTdsLR_2_1103          
0                         5.593528307201723e-09     5.593528307201723e-09     rp_reg_1_1               
0                         6.708998911975073e-10     6.708998911975073e-10     U192                     
0                         4.182239832228873e-10     4.182239832228873e-10     ctmTdsLR_1_2505          
0                         5.139692560440778e-10     5.139692560440778e-10     ctmTdsLR_1_1561          
0                         9.764830055658535e-10     9.764830055658535e-10     ctmTdsLR_3_2089          
0                         1.133698357413948e-09     1.133698357413948e-09     U239                     
0                         5.108061196246183e-10     5.108061196246183e-10     ctmTdsLR_2_1016          
0                         7.63648921875415e-10      7.63648921875415e-10      U491                     
0                         7.56479878738503e-10      7.56479878738503e-10      U551                     
0                         3.033421513976009e-09     3.033421513976009e-09     ctmTdsLR_1_2453          
0                         1.112653857937573e-09     1.112653857937573e-09     ctmTdsLR_2_2463          
0                         1.709143604422536e-09     1.709143604422536e-09     U431                     
0                         3.793740877000573e-09     3.793740877000573e-09     rx_bit_cnt_reg_0_        
0                         4.31737312567293e-09      4.31737312567293e-09      rx_bit_cnt_reg_3_        
0                         3.251040769924884e-09     3.251040769924884e-09     ctmTdsLR_1_1020          
0                         7.554872283321856e-10     7.554872283321856e-10     U641                     
0                         1.112573588812893e-09     1.112573588812893e-09     ctmTdsLR_1_2617          
0                         2.421601363877812e-09     2.421601363877812e-09     rts_o_reg                
0                         2.270377219559805e-09     2.270377219559805e-09     U236                     
0                         1.066770560775865e-09     1.066770560775865e-09     ctmTdsLR_1_2623          
0                         1.126894466629835e-09     1.126894466629835e-09     U224                     
0                         7.554702419199089e-10     7.554702419199089e-10     U461                     
0                         3.104870360814971e-09     3.104870360814971e-09     ctmTdsLR_1_1066          
0                         2.525617215365372e-10     2.525617215365372e-10     ctmTdsLR_2_1614          
0                         3.239328361104299e-09     3.239328361104299e-09     U271                     
0                         1.058551912791472e-09     1.058551912791472e-09     ctmTdsLR_1_2620          
0                         3.042839979983114e-09     3.042839979983114e-09     U61                      
0                         1.157200557599936e-09     1.157200557599936e-09     U65                      
0                         6.960058085425658e-10     6.960058085425658e-10     ctmTdsLR_3_2082          
0                         1.127367088571418e-09     1.127367088571418e-09     ctmTdsLR_2_1575          
0                         7.290376635715745e-10     7.290376635715745e-10     ctmTdsLR_1_1560          
0                         4.103682282874388e-09     4.103682282874388e-09     mem_reg_3__6_1           
0                         7.28771820668328e-10      7.28771820668328e-10      ctmTdsLR_1_2462          
0                         4.102989503707022e-09     4.102989503707022e-09     mem_reg_3__4_1           
0                         3.163632245062331e-09     3.163632245062331e-09     rp_reg_1_                
0                         3.055254715889077e-09     3.055254715889077e-09     ctmTdsLR_1_1576          
0                         4.104344419886274e-09     4.104344419886274e-09     mem_reg_3__3_1           
0                         1.99266114719876e-09      1.99266114719876e-09      ctmTdsLR_2_2443          
0                         4.10480183177242e-09      4.10480183177242e-09      mem_reg_3__7_1           
0                         7.489988629316713e-10     7.489988629316713e-10     U225                     
0                         7.500794430015389e-10     7.500794430015389e-10     U237                     
0                         3.805979698068285e-10     3.805979698068285e-10     ctmTdsLR_2_2081          
0                         2.702868373560818e-09     2.702868373560818e-09     hold_reg_reg_1_          
0                         2.032559009990109e-09     2.032559009990109e-09     ropt_d_inst_2771         
0                         4.103926531939805e-09     4.103926531939805e-09     mem_reg_3__5_1           
0                         7.209765007232249e-10     7.209765007232249e-10     ctmTdsLR_3_2078          
0                         2.288816025597384e-09     2.288816025597384e-09     U341                     
0                         4.101481820839581e-09     4.101481820839581e-09     mem_reg_3__0_1           
0                         8.815061458555817e-10     8.815061458555817e-10     U661                     
0                         7.274841840043678e-10     7.274841840043678e-10     ctmTdsLR_1_1574          
0                         4.408861720150981e-09     4.408861720150981e-09     tx_bit_cnt_reg_0_        
0                         7.265344437179522e-10     7.265344437179522e-10     ctmTdsLR_1_2044          
0                         2.319331837696836e-09     2.319331837696836e-09     ctmTdsLR_1_2054          
0                         4.102356676582986e-09     4.102356676582986e-09     mem_reg_3__1_1           
0                         3.747759436123488e-09     3.747759436123488e-09     gb_reg                   
0                         2.085608630242319e-10     2.085608630242319e-10     U80                      
0                         1.625707568564394e-09     1.625707568564394e-09     ctmTdsLR_1_1012          
0                         7.285060332762328e-10     7.285060332762328e-10     ctmTdsLR_1_1015          
0                         4.331296210580149e-09     4.331296210580149e-09     rx_bit_cnt_reg_1_        
0                         5.171353567590131e-09     5.171353567590131e-09     rp_reg_0_                
0                         4.103052120285611e-09     4.103052120285611e-09     mem_reg_3__2_1           
0                         4.243366547029837e-09     4.243366547029837e-09     mem_reg_1__0_1           
0                         4.251406782174172e-09     4.251406782174172e-09     mem_reg_1__2_1           
0                         1.496972101833194e-09     1.496972101833194e-09     gre_INV_14_inst_2667     
0                         3.329209352642692e-09     3.329209352642692e-09     hold_reg_reg_5_          
0                         5.840039007942721e-10     5.840039007942721e-10     U1310                    
0                         8.175061183557375e-10     8.175061183557375e-10     ctmTdsLR_1_2435          
0                         4.34847180486031e-09      4.34847180486031e-09      mem_reg_0__0_1           
0                         4.360273919701285e-09     4.360273919701285e-09     mem_reg_0__5_1           
0                         4.29394386713966e-09      4.29394386713966e-09      mem_reg_1__4_1           
0                         4.362685324110771e-09     4.362685324110771e-09     mem_reg_0__1_1           
0                         3.328059827722996e-09     3.328059827722996e-09     hold_reg_reg_2_          
0                         4.339921311213857e-09     4.339921311213857e-09     mem_reg_0__6_1           
0                         4.317647628315768e-10     4.317647628315768e-10     ctmTdsLR_2_2439          
0                         4.342502801790715e-09     4.342502801790715e-09     mem_reg_0__3_1           
0                         6.314471723278814e-10     6.314471723278814e-10     gre_INV_14_inst_2666     
0                         7.422232828346864e-10     7.422232828346864e-10     U151                     
0                         1.575585661939272e-09     1.575585661939272e-09     ctmTdsLR_1_2063          
0                         4.350208637760034e-09     4.350208637760034e-09     mem_reg_0__2_1           
0                         4.347160853512833e-09     4.347160853512833e-09     mem_reg_0__4_1           
0                         4.246587970158089e-09     4.246587970158089e-09     mem_reg_1__6_1           
0                         4.287502797239995e-09     4.287502797239995e-09     mem_reg_1__1_1           
0                         4.252175944685632e-09     4.252175944685632e-09     mem_reg_1__3_1           
0                         4.265555464399995e-09     4.265555464399995e-09     mem_reg_1__5_1           
0                         3.329982067867832e-09     3.329982067867832e-09     hold_reg_reg_6_          
0                         3.330161035819401e-09     3.330161035819401e-09     hold_reg_reg_7_          
0                         3.330029363368681e-09     3.330029363368681e-09     hold_reg_reg_8_          
0                         2.670441423546777e-09     2.670441423546777e-09     ctmTdsLR_2_2502          
0                         4.256138996794334e-09     4.256138996794334e-09     mem_reg_1__7_1           
0                         4.350082516424436e-09     4.350082516424436e-09     mem_reg_0__7_1           
0                         4.411636833623334e-09     4.411636833623334e-09     hold_reg_reg_4_          
0                         3.327748299142286e-09     3.327748299142286e-09     hold_reg_reg_3_          
0                         4.136185616232524e-09     4.136185616232524e-09     mem_reg_2__7_1           
0                         2.383130581762316e-09     2.383130581762316e-09     ctmTdsLR_1_2438          
0                         4.150967125582383e-09     4.150967125582383e-09     mem_reg_2__1_1           
0                         4.169324885339165e-09     4.169324885339165e-09     mem_reg_2__2_1           
0                         5.450296325371085e-10     5.450296325371085e-10     ctmTdsLR_1_1626          
0                         3.811118087782006e-09     3.811118087782006e-09     tx_bit_cnt_reg_1_        
0                         4.130515485201158e-09     4.130515485201158e-09     mem_reg_2__4_1           
0                         4.129737884994711e-09     4.129737884994711e-09     mem_reg_2__6_1           
0                         5.205849529232864e-09     5.205849529232864e-09     wp_reg_0_1               
0                         6.535199048585127e-10     6.535199048585127e-10     ctmTdsLR_1_2459          
0                         4.115585650055209e-09     4.115585650055209e-09     mem_reg_2__0_1           
0                         5.117062773507541e-09     5.117062773507541e-09     wp_reg_1_1               
0                         4.16211420883883e-09      4.16211420883883e-09      mem_reg_2__3_1           
0                         4.140111364847598e-09     4.140111364847598e-09     mem_reg_2__5_1           
0                         1.521427206441217e-09     1.521427206441217e-09     ctmTdsLR_1_2442          
0                         3.590022279453819e-09     3.590022279453819e-09     gb_reg1                  
0                         2.346556837728997e-10     2.346556837728997e-10     ctmTdsLR_2_1627          
0                         4.335007020017656e-09     4.335007020017656e-09     tx_bit_cnt_reg_3_        
0                         3.727956165988644e-09     3.727956165988644e-09     tx_bit_cnt_reg_2_        