Max_Rise             Max_Fall             Min_Rise             Min_Fall             Point               
----------------------------------------------------------------------------------------------------
0.001000             0.001000             0.001000             0.001000             clk                 
0.001000             0.001000             0.001000             0.001000             rst                 
0.001000             0.001000             0.001000             0.001000             rxd_i               
0.012616             0.012259             0.012292             0.011976             txd_o               
0.001000             0.001000             0.001000             0.001000             cts_i               
0.030013             0.028525             0.030013             0.028525             rts_o               
0.001000             0.001000             0.001000             0.001000             sio_ce              
0.001000             0.001000             0.001000             0.001000             sio_ce_x4           
0.001000             0.001000             0.001000             0.001000             din_i[7]            
0.001000             0.001000             0.001000             0.001000             din_i[6]            
0.001000             0.001000             0.001000             0.001000             din_i[5]            
0.001000             0.001000             0.001000             0.001000             din_i[4]            
0.001000             0.001000             0.001000             0.001000             din_i[3]            
0.001000             0.001000             0.001000             0.001000             din_i[2]            
0.001000             0.001000             0.001000             0.001000             din_i[1]            
0.001000             0.001000             0.001000             0.001000             din_i[0]            
0.009509             0.011700             0.006741             0.009870             dout_o[7]           
0.015374             0.034103             0.013478             0.031966             dout_o[6]           
0.011642             0.021852             0.008994             0.019846             dout_o[5]           
0.009951             0.012966             0.007441             0.010956             dout_o[4]           
0.012563             0.021314             0.009731             0.019019             dout_o[3]           
0.011903             0.016594             0.009303             0.014602             dout_o[2]           
0.010203             0.012067             0.006891             0.010427             dout_o[1]           
0.012670             0.014525             0.009759             0.012022             dout_o[0]           
0.001000             0.001000             0.001000             0.001000             re_i                
0.001000             0.001000             0.001000             0.001000             we_i                
0.048944             0.022650             0.046762             0.020242             full_o              
0.029518             0.014826             0.028496             0.012322             empty_o             
0.000000             0.000000             0.000000             0.000000             VDD                 
0.000000             0.000000             0.000000             0.000000             VSS                 

