Max_Rise             Max_Fall             Min_Rise             Min_Fall             Point               
----------------------------------------------------------------------------------------------------
NA                   0                    NA                   0                    clk                 
0                    0                    0                    0                    rst                 
0                    0                    0                    0                    rxd_i               
0.159178             0.185832             0.157628             0.18395              txd_o               
0                    0                    0                    0                    cts_i               
0.169226             0.204225             0.168546             0.203544             rts_o               
0                    0                    0                    0                    sio_ce              
0                    0                    0                    0                    sio_ce_x4           
0                    0                    0                    0                    din_i[7]            
0                    0                    0                    0                    din_i[6]            
0                    0                    0                    0                    din_i[5]            
0                    0                    0                    0                    din_i[4]            
0                    0                    0                    0                    din_i[3]            
0                    0                    0                    0                    din_i[2]            
0                    0                    0                    0                    din_i[1]            
0                    0                    0                    0                    din_i[0]            
0.311954             0.313966             0.263807             0.251839             dout_o[7]           
0.310612             0.320951             0.255974             0.267834             dout_o[6]           
0.311164             0.303996             0.251433             0.259529             dout_o[5]           
0.311643             0.315361             0.264865             0.252666             dout_o[4]           
0.311909             0.306698             0.228774             0.260944             dout_o[3]           
0.312374             0.319831             0.267306             0.256645             dout_o[2]           
0.312946             0.316629             0.254501             0.249899             dout_o[1]           
0.32242              0.320928             0.258349             0.261519             dout_o[0]           
0                    0                    0                    0                    re_i                
0                    0                    0                    0                    we_i                
0.309891             0.295125             0.229359             0.238144             full_o              
0.305008             0.29808              0.199432             0.153021             empty_o             
*                    *                    *                    *                    VDD                 
*                    *                    *                    *                    VSS                 

