Gate_Leakage              Intrinsic_Leakage         Total_Leakage             Cell                     
--------------------------------------------------------------------------------
*                         *                         *                         optlc_4495               
*                         *                         *                         optlc_4496               
0                         2.353759964712765e-10     2.353759964712765e-10     U421                     
0                         2.353759964712765e-10     2.353759964712765e-10     U42                      
0                         4.182235391336775e-10     4.182235391336775e-10     copt_h_inst_4490         
0                         1.710209890370962e-10     1.710209890370962e-10     ctmTdsLR_4_3638          
0                         1.136693961178992e-09     1.136693961178992e-09     ctosc_gls_inst_3828      
0                         1.368055779771282e-09     1.368055779771282e-09     ctmTdsLR_1_3154          
0                         2.326847742262217e-10     2.326847742262217e-10     ctmTdsLR_4_4214          
0                         1.702780000334414e-10     1.702780000334414e-10     ctmTdsLR_2_677           
0                         3.322167652086705e-09     3.322167652086705e-09     rx_sio_ce_r1_reg         
0                         4.787680252249515e-10     4.787680252249515e-10     ctmTdsLR_1_4051          
0                         8.758561875765736e-09     8.758561875765736e-09     U3                       
0                         4.182234836225263e-10     4.182234836225263e-10     copt_h_inst_4471         
0                         4.249502971731545e-09     4.249502971731545e-09     rxd_s_reg                
0                         2.112688496369586e-10     2.112688496369586e-10     gre_INV_58_inst_4512     
0                         2.593669057304737e-09     2.593669057304737e-09     ctmTdsLR_1_2327          
0                         1.496249513177617e-10     1.496249513177617e-10     U177                     
0                         6.20624385216928e-10      6.20624385216928e-10      U178                     
0                         1.702780000334414e-10     1.702780000334414e-10     U179                     
0                         4.182235668892531e-10     4.182235668892531e-10     copt_h_inst_4470         
0                         6.26171225981409e-10      6.26171225981409e-10      ctmTdsLR_2_4194          
0                         2.98404545517883e-09      2.98404545517883e-09      ZBUF_115_inst_1341       
0                         5.778597600425428e-10     5.778597600425428e-10     U331                     
0                         6.823690057444765e-09     6.823690057444765e-09     U139                     
0                         6.246598793779867e-10     6.246598793779867e-10     ctmTdsLR_3_1491          
0                         2.178580205125513e-09     2.178580205125513e-09     ctmTdsLR_1_3976          
0                         1.687535222671954e-09     1.687535222671954e-09     ctmTdsLR_1_4295          
0                         2.015653866038747e-09     2.015653866038747e-09     U23                      
0                         3.023968631055141e-09     3.023968631055141e-09     rxd_r_reg                
0                         1.278434580420651e-09     1.278434580420651e-09     ctmTdsLR_2_684           
0                         2.363943929495349e-09     2.363943929495349e-09     ctmTdsLR_1_1470          
0                         3.616230648262331e-10     3.616230648262331e-10     ctmTdsLR_2_505           
0                         3.978866958131988e-10     3.978866958131988e-10     ctmTdsLR_2_707           
0                         5.862107466114708e-10     5.862107466114708e-10     U176                     
0                         5.970304250979552e-10     5.970304250979552e-10     ctmTdsLR_3_4459          
0                         1.702780000334414e-10     1.702780000334414e-10     ctmTdsLR_3_4430          
0                         1.414027117618843e-09     1.414027117618843e-09     ctmTdsLR_2_1320          
0                         3.260502756674555e-09     3.260502756674555e-09     U126                     
0                         1.020804774043427e-09     1.020804774043427e-09     ctmTdsLR_2_4274          
0                         4.182235668892531e-10     4.182235668892531e-10     copt_h_inst_4482         
0                         2.312411373495138e-09     2.312411373495138e-09     ctmTdsLR_1_3632          
0                         3.595306496961825e-09     3.595306496961825e-09     rx_valid_r_reg           
0                         3.250849589520044e-09     3.250849589520044e-09     rx_sio_ce_r2_reg         
0                         8.132019502227195e-09     8.132019502227195e-09     U1210                    
0                         1.487412970568869e-09     1.487412970568869e-09     ctmTdsLR_3_3119          
0                         2.034328927535967e-09     2.034328927535967e-09     ctmTdsLR_1_2481          
0                         3.492198974441862e-09     3.492198974441862e-09     ctmTdsLR_1_1355          
0                         1.70493869022792e-10      1.70493869022792e-10      ctmTdsLR_4_4314          
0                         4.330514280503905e-10     4.330514280503905e-10     U167                     
0                         1.699098084451123e-10     1.699098084451123e-10     ctmTdsLR_4_3630          
0                         1.136693961178992e-09     1.136693961178992e-09     copt_h_inst_4479         
0                         1.184210174365319e-09     1.184210174365319e-09     ctmTdsLR_3_1453          
0                         1.136693961178992e-09     1.136693961178992e-09     ctosc_gls_inst_3830      
0                         4.127456154634501e-10     4.127456154634501e-10     ctmTdsLR_1_777           
0                         5.970304250979552e-10     5.970304250979552e-10     ctmTdsLR_1_4165          
0                         2.168037971372883e-09     2.168037971372883e-09     gre_INV_149_inst_4514    
0                         2.50785592292857e-09      2.50785592292857e-09      ctmTdsLR_1_1830          
0                         2.333138404697621e-10     2.333138404697621e-10     U26                      
0                         1.034237806507576e-09     1.034237806507576e-09     U28                      
0                         1.702780000334414e-10     1.702780000334414e-10     ctmTdsLR_1_770           
0                         1.320637266211122e-09     1.320637266211122e-09     ctmTdsLR_2_4123          
0                         3.247342839074463e-09     3.247342839074463e-09     U12                      
0                         6.069635349881253e-10     6.069635349881253e-10     ctmTdsLR_3_4297          
0                         1.898539325750903e-09     1.898539325750903e-09     ctmTdsLR_2_4119          
0                         5.756249921162748e-10     5.756249921162748e-10     U281                     
0                         4.330514280503905e-10     4.330514280503905e-10     ctmTdsLR_2_444           
0                         2.80272249852942e-09      2.80272249852942e-09      ctmTdsLR_2_1646          
0                         1.49843359942281e-09      1.49843359942281e-09      U1310                    
0                         3.52324974750573e-10      3.52324974750573e-10      U65                      
0                         1.594879561750417e-09     1.594879561750417e-09     U76                      
0                         3.806304160747231e-10     3.806304160747231e-10     ctmTdsLR_3_4167          
0                         1.812437533388334e-09     1.812437533388334e-09     gre_INV_520_inst_4513    
0                         4.182234836225263e-10     4.182234836225263e-10     copt_h_inst_4472         
0                         4.182234836225263e-10     4.182234836225263e-10     copt_h_inst_4473         
0                         4.182234836225263e-10     4.182234836225263e-10     copt_h_inst_4474         
0                         4.182234836225263e-10     4.182234836225263e-10     copt_h_inst_4475         
0                         4.182234836225263e-10     4.182234836225263e-10     copt_h_inst_4476         
0                         4.182234836225263e-10     4.182234836225263e-10     copt_h_inst_4477         
0                         4.182235668892531e-10     4.182235668892531e-10     copt_h_inst_4478         
0                         4.182234836225263e-10     4.182234836225263e-10     copt_h_inst_4483         
0                         4.182235113781019e-10     4.182235113781019e-10     copt_h_inst_4485         
0                         4.182235668892531e-10     4.182235668892531e-10     copt_h_inst_4486         
0                         4.182234836225263e-10     4.182234836225263e-10     copt_h_inst_4487         
0                         4.182235668892531e-10     4.182235668892531e-10     copt_h_inst_4489         
0                         6.20624385216928e-10      6.20624385216928e-10      ctmTdsLR_2_4461          
0                         1.364549584437214e-09     1.364549584437214e-09     ctmTdsLR_2_2930          
0                         2.86450552167139e-09      2.86450552167139e-09      U150                     
0                         5.75394121238304e-10      5.75394121238304e-10      U170                     
0                         8.173016041723713e-09     8.173016041723713e-09     U111                     
0                         3.870470166589257e-09     3.870470166589257e-09     ctosc_gls_inst_3826      
0                         1.702780000334414e-10     1.702780000334414e-10     U40                      
0                         1.136693961178992e-09     1.136693961178992e-09     ctosc_gls_inst_3829      
0                         1.702780000334414e-10     1.702780000334414e-10     ctmTdsLR_2_732           
0                         2.320344749673353e-10     2.320344749673353e-10     U33                      
0                         2.973890245172583e-09     2.973890245172583e-09     gre_INV_66_inst_4515     
0                         6.066772639812257e-10     6.066772639812257e-10     ctmTdsLR_2_4166          
0                         2.376034036188912e-09     2.376034036188912e-09     U311                     
0                         1.702780000334414e-10     1.702780000334414e-10     ctmTdsLR_3_1271          
0                         3.138978188488295e-09     3.138978188488295e-09     ctmTdsLR_2_516           
0                         4.182235668892531e-10     4.182235668892531e-10     copt_h_inst_4491         
0                         7.617844688390107e-10     7.617844688390107e-10     U64                      
0                         2.531086007451222e-09     2.531086007451222e-09     ctmTdsLR_4_714           
0                         2.089018819040334e-10     2.089018819040334e-10     U184                     
0                         1.76833803156029e-09      1.76833803156029e-09      ctmTdsLR_2_3320          
0                         1.371635915958791e-09     1.371635915958791e-09     ctmTdsLR_1_2478          
0                         1.006906003020447e-09     1.006906003020447e-09     ctmTdsLR_1_2981          
0                         1.702780000334414e-10     1.702780000334414e-10     ctmTdsLR_3_1255          
0                         1.136094995857206e-09     1.136094995857206e-09     U123                     
0                         7.842379523559373e-10     7.842379523559373e-10     U1710                    
0                         3.893699140888884e-09     3.893699140888884e-09     U133                     
0                         2.695633938287756e-09     2.695633938287756e-09     ctmTdsLR_1_4073          
0                         6.583808498383803e-10     6.583808498383803e-10     ctmTdsLR_4_1205          
0                         2.597236647972068e-09     2.597236647972068e-09     ctmTdsLR_1_2488          
0                         9.094635045059363e-10     9.094635045059363e-10     ctmTdsLR_1_4012          
0                         8.790670968927827e-10     8.790670968927827e-10     ctmTdsLR_1_504           
0                         1.702780000334414e-10     1.702780000334414e-10     ctmTdsLR_3_3347          
0                         4.811290255091194e-10     4.811290255091194e-10     ctmTdsLR_2_3650          
0                         1.136693961178992e-09     1.136693961178992e-09     ctosc_gls_inst_3837      
0                         6.806246122259552e-10     6.806246122259552e-10     ctmTdsLR_3_4161          
0                         1.770161350833632e-09     1.770161350833632e-09     ctmTdsLR_1_4092          
0                         5.880450015816052e-10     5.880450015816052e-10     ctmTdsLR_2_3512          
0                         1.136693961178992e-09     1.136693961178992e-09     ctosc_gls_inst_3833      
0                         5.968597616146099e-09     5.968597616146099e-09     rxr_reg_6_               
0                         7.04795166672767e-10      7.04795166672767e-10      ctmTdsLR_1_4122          
0                         2.7565456584e-09          2.7565456584e-09          U17                      
0                         1.548568939746531e-09     1.548568939746531e-09     U101                     
0                         1.267517091285697e-09     1.267517091285697e-09     ctmTdsLR_2_1490          
0                         4.182230395333164e-10     4.182230395333164e-10     ZBUF_20_inst_2362        
0                         4.754016624808344e-10     4.754016624808344e-10     ctmTdsLR_2_3239          
0                         2.003341270651049e-09     2.003341270651049e-09     ctmTdsLR_1_1451          
0                         1.136693961178992e-09     1.136693961178992e-09     ctosc_gls_inst_3831      
0                         1.560171658532283e-09     1.560171658532283e-09     ctmTdsLR_2_1619          
0                         7.895499365417891e-09     7.895499365417891e-09     U9                       
0                         3.843797780067604e-10     3.843797780067604e-10     U731                     
0                         2.608028237816029e-10     2.608028237816029e-10     ctmTdsLR_2_4296          
0                         1.156013063052796e-09     1.156013063052796e-09     U125                     
0                         2.55146925809413e-09      2.55146925809413e-09      U164                     
0                         1.88159354763684e-09      1.88159354763684e-09      ctmTdsLR_1_1212          
0                         1.136368110721264e-09     1.136368110721264e-09     U451                     
0                         7.865816886720722e-10     7.865816886720722e-10     ctmTdsLR_2_771           
0                         4.912462103767723e-10     4.912462103767723e-10     ctmTdsLR_2_4429_roptpi_4469
0                         3.033857609580082e-10     3.033857609580082e-10     ctmTdsLR_1_452           
0                         1.702780000334414e-10     1.702780000334414e-10     ctmTdsLR_4_702           
0                         1.136693961178992e-09     1.136693961178992e-09     ctosc_gls_inst_3835      
0                         3.935717862724175e-10     3.935717862724175e-10     ctmTdsLR_2_4294          
0                         3.191481967590448e-09     3.191481967590448e-09     ctosc_gls_inst_3832      
0                         7.918924405103667e-10     7.918924405103667e-10     ctmTdsLR_2_3118          
0                         5.184553342196807e-10     5.184553342196807e-10     ctmTdsLR_2_1866          
0                         5.958546545059562e-09     5.958546545059562e-09     rxr_reg_7_               
0                         4.811290255091194e-10     4.811290255091194e-10     ctmTdsLR_2_2482          
0                         3.935717862724175e-10     3.935717862724175e-10     ctmTdsLR_2_723           
0                         1.583976949603993e-09     1.583976949603993e-09     ctmTdsLR_1_2929          
0                         2.540900378988908e-09     2.540900378988908e-09     U38                      
0                         2.65214294969951e-09      2.65214294969951e-09      U246                     
0                         2.329483272944799e-10     2.329483272944799e-10     U29                      
0                         2.303701673866954e-09     2.303701673866954e-09     ctmTdsLR_1_4118          
0                         5.980405948236012e-09     5.980405948236012e-09     rxr_reg_2_               
0                         5.948684655976422e-09     5.948684655976422e-09     rxr_reg_3_               
0                         5.957529136679796e-09     5.957529136679796e-09     rxr_reg_4_               
0                         7.137650470667722e-10     7.137650470667722e-10     ctmTdsLR_5_4464          
0                         1.970532848005746e-09     1.970532848005746e-09     U30                      
0                         1.319043096970063e-09     1.319043096970063e-09     ctmTdsLR_2_1829          
0                         7.918924405103667e-10     7.918924405103667e-10     ctmTdsLR_3_1441          
0                         3.085884658915461e-09     3.085884658915461e-09     U391                     
0                         2.774224183710317e-10     2.774224183710317e-10     ctmTdsLR_3_3637          
0                         3.724408559335757e-09     3.724408559335757e-09     ctmTdsLR_3_3101          
0                         2.136747029313213e-10     2.136747029313213e-10     U192                     
0                         2.132800464016427e-10     2.132800464016427e-10     ctmTdsLR_3_2444          
0                         9.678408074975664e-10     9.678408074975664e-10     ctmTdsLR_1_2920          
0                         2.031037837912919e-10     2.031037837912919e-10     ctmTdsLR_3_3609          
0                         2.387895881028612e-09     2.387895881028612e-09     ctmTdsLR_4_2445          
0                         1.498463020332963e-09     1.498463020332963e-09     U1810                    
0                         5.953945336756306e-09     5.953945336756306e-09     rxr_reg_8_               
0                         3.095648626327829e-09     3.095648626327829e-09     U381                     
0                         3.191481967590448e-09     3.191481967590448e-09     ctsctobgt_st1_inst_3943  
0                         6.802930441196509e-10     6.802930441196509e-10     U145                     
0                         5.959152726831007e-09     5.959152726831007e-09     rxr_reg_5_               
0                         3.191481967590448e-09     3.191481967590448e-09     ctosc_gls_inst_3834      
0                         1.136693961178992e-09     1.136693961178992e-09     ctosc_gls_inst_3836      
0                         5.934409852415001e-09     5.934409852415001e-09     rxr_reg_9_               
0                         8.047035260361213e-10     8.047035260361213e-10     ctmTdsLR_1_683           
0                         1.708978236703018e-10     1.708978236703018e-10     U31                      
0                         3.47193995775541e-10      3.47193995775541e-10      U193                     
0                         2.310027447105512e-10     2.310027447105512e-10     ctmTdsLR_2_4441          
0                         1.474532496104075e-09     1.474532496104075e-09     ctmTdsLR_1_1814          
0                         5.732446739514785e-10     5.732446739514785e-10     ctmTdsLR_1_2338          
0                         7.456854023146775e-10     7.456854023146775e-10     ctmTdsLR_1_4293          
0                         8.395440453945469e-10     8.395440453945469e-10     ctmTdsLR_1_2360          
0                         9.612367568578861e-10     9.612367568578861e-10     ctmTdsLR_2_1871          
0                         1.086634449087853e-09     1.086634449087853e-09     ctmTdsLR_1_2936          
0                         5.956188431355258e-09     5.956188431355258e-09     mem_reg_3__1_            
0                         5.902466515550486e-09     5.902466515550486e-09     mem_reg_0__2_            
0                         5.952212056570261e-09     5.952212056570261e-09     mem_reg_3__6_            
0                         1.042949504537205e-09     1.042949504537205e-09     U701                     
0                         2.532104526054013e-10     2.532104526054013e-10     ctmTdsLR_2_3608          
0                         5.948078474204976e-09     5.948078474204976e-09     mem_reg_3__4_            
0                         3.458072994622086e-10     3.458072994622086e-10     ctmTdsLR_3_3629          
0                         2.333165050050212e-10     2.333165050050212e-10     ctmTdsLR_1_4344          
0                         4.785288276742961e-10     4.785288276742961e-10     U79                      
0                         5.956254600647526e-09     5.956254600647526e-09     mem_reg_1__1_            
0                         5.956051651878624e-09     5.956051651878624e-09     mem_reg_2__7_            
0                         5.907125899540233e-09     5.907125899540233e-09     mem_reg_0__1_            
0                         2.429008660875809e-10     2.429008660875809e-10     ctmTdsLR_3_4445          
0                         1.480497280326176e-09     1.480497280326176e-09     U21                      
0                         5.950711923219387e-09     5.950711923219387e-09     mem_reg_3__7_            
0                         1.411028932585268e-10     1.411028932585268e-10     ctmTdsLR_2_4444          
0                         7.931418299911286e-10     7.931418299911286e-10     ctmTdsLR_2_4095          
0                         5.949177150910145e-09     5.949177150910145e-09     mem_reg_2__3_            
0                         1.052156584080421e-09     1.052156584080421e-09     ctmTdsLR_4_4091          
0                         1.073361607928369e-10     1.073361607928369e-10     ctmTdsLR_2_1886          
0                         5.944801539925493e-09     5.944801539925493e-09     mem_reg_2__4_            
0                         4.247685259084477e-10     4.247685259084477e-10     ctmTdsLR_4_1354          
0                         8.805340900863712e-10     8.805340900863712e-10     ctmTdsLR_2_1281          
0                         5.904476463314268e-09     5.904476463314268e-09     mem_reg_0__0_            
0                         7.647988908843217e-10     7.647988908843217e-10     ctmTdsLR_1_2941          
0                         4.835425948535033e-10     4.835425948535033e-10     U247                     
0                         5.068193642543406e-10     5.068193642543406e-10     ctmTdsLR_3_4462          
0                         6.28660457024921e-10      6.28660457024921e-10      ctmTdsLR_1_3989          
0                         1.073361607928369e-10     1.073361607928369e-10     ctmTdsLR_2_1896          
0                         1.958904566334851e-10     1.958904566334851e-10     ctmTdsLR_2_3445          
0                         5.956989124200618e-09     5.956989124200618e-09     mem_reg_1__0_            
0                         1.136693961178992e-09     1.136693961178992e-09     ctosc_gls_inst_3827      
0                         3.595306496961825e-09     3.595306496961825e-09     rx_valid_reg             
0                         4.182239554673117e-10     4.182239554673117e-10     copt_gre_h_inst_4516     
0                         8.959475938929984e-10     8.959475938929984e-10     ctmTdsLR_1_4193          
0                         5.957125903677252e-09     5.957125903677252e-09     mem_reg_2__2_            
0                         1.388542614222388e-09     1.388542614222388e-09     ctmTdsLR_2_1254          
0                         6.48845288608868e-09      6.48845288608868e-09      U8                       
0                         1.534019133941911e-09     1.534019133941911e-09     U521                     
0                         2.698108958476553e-10     2.698108958476553e-10     U431                     
0                         3.345846377733608e-10     3.345846377733608e-10     U401                     
0                         5.94021765110142e-09      5.94021765110142e-09      mem_reg_2__6_            
0                         1.244639236119838e-08     1.244639236119838e-08     ctmTdsLR_1_3319          
0                         7.267521584530812e-10     7.267521584530812e-10     U321_roptpi_4468         
0                         1.44557965597869e-09      1.44557965597869e-09      ctmTdsLR_2_4089          
0                         4.811290255091194e-10     4.811290255091194e-10     ctmTdsLR_4_1293          
0                         3.794271008494832e-10     3.794271008494832e-10     ctmTdsLR_1_4041          
0                         2.333165050050212e-10     2.333165050050212e-10     ctmTdsLR_2_3636          
0                         5.950094195128486e-09     5.950094195128486e-09     mem_reg_2__1_            
0                         3.684926364044827e-09     3.684926364044827e-09     load_reg                 
0                         5.959089222073999e-09     5.959089222073999e-09     mem_reg_1__6_            
0                         5.934403191076854e-09     5.934403191076854e-09     mem_reg_2__5_            
0                         5.953336490449601e-09     5.953336490449601e-09     mem_reg_3__0_            
0                         6.276394404203245e-10     6.276394404203245e-10     ctmTdsLR_2_4312          
0                         3.217710542458008e-09     3.217710542458008e-09     ctmTdsLR_3_2483          
0                         5.90242565934318e-09      5.90242565934318e-09      mem_reg_0__3_            
0                         5.899958299693253e-09     5.899958299693253e-09     mem_reg_0__4_            
0                         4.023917643536379e-09     4.023917643536379e-09     ctmTdsLR_2_3633          
0                         1.367247565164931e-10     1.367247565164931e-10     ctmTdsLR_2_4438          
0                         5.956164006448716e-09     5.956164006448716e-09     mem_reg_3__2_            
0                         4.250516383308423e-09     4.250516383308423e-09     shift_en_reg             
0                         3.737674170167793e-09     3.737674170167793e-09     rx_sio_ce_reg            
0                         7.379226674153472e-10     7.379226674153472e-10     ctmTdsLR_1_4127          
0                         1.487951983847324e-09     1.487951983847324e-09     ctmTdsLR_1_4136          
0                         1.073028221831862e-09     1.073028221831862e-09     ctmTdsLR_2_3547          
0                         1.397507554123933e-09     1.397507554123933e-09     ctmTdsLR_3_3343          
0                         9.185149307811002e-10     9.185149307811002e-10     ctmTdsLR_3_4313          
0                         6.628949056342037e-10     6.628949056342037e-10     ctmTdsLR_3_2972          
0                         7.948245395184017e-10     7.948245395184017e-10     U67                      
0                         2.02373007240908e-09      2.02373007240908e-09      U68                      
0                         2.042371688437683e-10     2.042371688437683e-10     U72                      
0                         2.059346027039055e-09     2.059346027039055e-09     U77                      
0                         5.959769122654279e-09     5.959769122654279e-09     mem_reg_1__4_            
0                         2.028624379590838e-09     2.028624379590838e-09     U80                      
0                         5.960361537660219e-09     5.960361537660219e-09     mem_reg_1__5_            
0                         4.134779185704929e-09     4.134779185704929e-09     ctmTdsLR_1_3249          
0                         5.962476734566735e-09     5.962476734566735e-09     mem_reg_1__7_            
0                         1.148320438737471e-09     1.148320438737471e-09     ctmTdsLR_1_4422          
0                         2.437277601963217e-10     2.437277601963217e-10     ctmTdsLR_3_4439          
0                         5.903884492397538e-09     5.903884492397538e-09     mem_reg_0__5_            
0                         1.275632932618009e-10     1.275632932618009e-10     ctmTdsLR_2_4451          
0                         8.463524325819094e-10     8.463524325819094e-10     ctmTdsLR_1_3511          
0                         1.352644246610524e-10     1.352644246610524e-10     ctmTdsLR_3_4448          
0                         5.90420334845021e-09      5.90420334845021e-09      mem_reg_0__6_            
0                         1.275632932618009e-10     1.275632932618009e-10     ctmTdsLR_3_4456          
0                         5.90085624807557e-09      5.90085624807557e-09      mem_reg_0__7_            
0                         4.18224010978463e-10      4.18224010978463e-10      ctmTdsLR_1_1225          
0                         1.180567088532314e-09     1.180567088532314e-09     ctmTdsLR_1_515           
0                         3.315747676424508e-09     3.315747676424508e-09     ctmTdsLR_1_1227          
0                         5.944908565425067e-09     5.944908565425067e-09     mem_reg_2__0_            
0                         8.552274999296117e-10     8.552274999296117e-10     ctmTdsLR_1_4011          
0                         5.948285419776767e-09     5.948285419776767e-09     mem_reg_3__5_            
0                         5.962252469515761e-09     5.962252469515761e-09     mem_reg_1__2_            
0                         1.299082785788386e-10     1.299082785788386e-10     U441                     
0                         4.137210019017346e-10     4.137210019017346e-10     ctmTdsLR_1_4273          
0                         5.94629012695691e-09      5.94629012695691e-09      mem_reg_3__3_            
0                         5.954488901949162e-09     5.954488901949162e-09     mem_reg_1__3_            
0                         2.458341308297918e-10     2.458341308297918e-10     ctmTdsLR_2_4447          
0                         4.409806964034146e-10     4.409806964034146e-10     ctmTdsLR_1_2484          
0                         2.867596160527341e-09     2.867596160527341e-09     U66                      
0                         1.206789779217843e-09     1.206789779217843e-09     ctmTdsLR_2_3060          
0                         1.182390518827958e-09     1.182390518827958e-09     ctmTdsLR_2_2486          
0                         1.084021095110188e-09     1.084021095110188e-09     ctmTdsLR_2_4267          
0                         1.15809750678153e-09      1.15809750678153e-09      ctmTdsLR_2_4421          
0                         8.812911511668631e-10     8.812911511668631e-10     ctmTdsLR_2_4279          
0                         4.698200717356826e-10     4.698200717356826e-10     ctmTdsLR_2_1818          
0                         1.603276178485658e-09     1.603276178485658e-09     U2410                    
0                         1.653888581643059e-09     1.653888581643059e-09     ctmTdsLR_1_4311          
0                         1.574176455854115e-09     1.574176455854115e-09     ctmTdsLR_1_2950          
0                         1.085061263061959e-09     1.085061263061959e-09     ctmTdsLR_2_3986          
0                         1.471935684449477e-09     1.471935684449477e-09     ctmTdsLR_5_4215          
0                         6.903848603911911e-10     6.903848603911911e-10     ctmTdsLR_3_4117          
0                         3.795074532408904e-10     3.795074532408904e-10     U301                     
0                         2.748796301688117e-09     2.748796301688117e-09     shift_en_r_reg           
0                         7.442880756158843e-10     7.442880756158843e-10     ctmTdsLR_2_4455          
0                         1.088626522260938e-09     1.088626522260938e-09     ctmTdsLR_2_3971          
0                         1.312216307836067e-10     1.312216307836067e-10     ctmTdsLR_3_4452          
0                         5.22089371735035e-10      5.22089371735035e-10      ctmTdsLR_1_3607          
0                         4.686215304694485e-10     4.686215304694485e-10     U69                      
0                         7.609175511902322e-10     7.609175511902322e-10     ctmTdsLR_2_4160          
0                         3.791448044410117e-09     3.791448044410117e-09     change_reg               
0                         1.61531621412081e-10      1.61531621412081e-10      U27                      
0                         7.30610516530561e-10      7.30610516530561e-10      ctmTdsLR_1_3552          
0                         1.64547486747324e-09      1.64547486747324e-09      ctmTdsLR_4_4156          
0                         1.073361607928369e-10     1.073361607928369e-10     ctmTdsLR_2_2443          
0                         7.404777901953707e-10     7.404777901953707e-10     ctmTdsLR_1_1280          
0                         1.159733753475223e-09     1.159733753475223e-09     U22                      
0                         7.72902464252212e-10      7.72902464252212e-10      ctmTdsLR_1_778_roptpi_4467
0                         2.393937936773227e-09     2.393937936773227e-09     ctmTdsLR_3_445_roptpi_4465
0                         1.136689298242288e-09     1.136689298242288e-09     ZBUF_123_inst_3955       
0                         1.111241765272553e-09     1.111241765272553e-09     ctmTdsLR_1_4040          
0                         1.190444187670892e-09     1.190444187670892e-09     ctmTdsLR_1_4424          
0                         7.230954723880245e-10     7.230954723880245e-10     ctmTdsLR_1_4460          
0                         2.417444910918221e-09     2.417444910918221e-09     rts_o_reg                
0                         7.442880756158843e-10     7.442880756158843e-10     ctmTdsLR_3_4090          
0                         7.059710038781475e-10     7.059710038781475e-10     ctmTdsLR_2_3502          
0                         3.923768532310135e-10     3.923768532310135e-10     ctmTdsLR_2_4062          
0                         1.613277955669901e-09     1.613277955669901e-09     ZBUF_137_inst_3954       
0                         2.872567295142403e-09     2.872567295142403e-09     ctmTdsLR_2_3964          
0                         2.390276421238013e-09     2.390276421238013e-09     ctmTdsLR_1_4027          
0                         9.399778733154562e-10     9.399778733154562e-10     ctmTdsLR_1_4238          
0                         1.185924469737643e-09     1.185924469737643e-09     ctmTdsLR_2_4154          
0                         3.297758954801111e-09     3.297758954801111e-09     txf_empty_r_reg          
0                         7.136379265304527e-10     7.136379265304527e-10     ctmTdsLR_1_3548          
0                         7.30610516530561e-10      7.30610516530561e-10      ctmTdsLR_3_3513          
0                         1.566275331654765e-09     1.566275331654765e-09     ctmTdsLR_2_3349          
0                         7.932855483616663e-10     7.932855483616663e-10     ctmTdsLR_1_1253          
0                         7.30610516530561e-10      7.30610516530561e-10      ctmTdsLR_2_3545          
0                         3.306322715612708e-10     3.306322715612708e-10     ctmTdsLR_1_4253          
0                         1.023702345115396e-09     1.023702345115396e-09     U53                      
0                         1.015306394513971e-09     1.015306394513971e-09     U56                      
0                         1.156243434330406e-09     1.156243434330406e-09     ctmTdsLR_2_4341          
0                         1.298936291860286e-09     1.298936291860286e-09     ctmTdsLR_1_1870          
0                         1.14075016099946e-09      1.14075016099946e-09      ctmTdsLR_3_4155          
0                         6.607599467578495e-10     6.607599467578495e-10     U85                      
0                         6.40882569236112e-10      6.40882569236112e-10      ctmTdsLR_1_3238          
0                         3.053881314496465e-10     3.053881314496465e-10     U91                      
0                         5.636092037519802e-09     5.636092037519802e-09     wp_reg_1_                
0                         1.156690077053213e-09     1.156690077053213e-09     ctmTdsLR_4_1868          
0                         4.318732926833491e-09     4.318732926833491e-09     rx_go_reg                
0                         1.186265308206202e-09     1.186265308206202e-09     ctmTdsLR_1_1213          
0                         2.945069299542524e-09     2.945069299542524e-09     ctmTdsLR_1_2951          
0                         5.276651338093075e-10     5.276651338093075e-10     ctmTdsLR_3_1867          
0                         7.41267103254728e-10      7.41267103254728e-10      ctmTdsLR_2_4271          
0                         1.658186643549442e-10     1.658186643549442e-10     ctmTdsLR_2_2331          
0                         1.498905999319788e-09     1.498905999319788e-09     ctmTdsLR_3_1438          
0                         4.661041552722622e-10     4.661041552722622e-10     ctmTdsLR_3_4330          
0                         1.69935943095112e-09      1.69935943095112e-09      ctmTdsLR_2_3604          
0                         4.707648715296386e-10     4.707648715296386e-10     ctmTdsLR_2_2309          
0                         5.703796102096703e-09     5.703796102096703e-09     wp_reg_0_                
0                         4.799769470764659e-10     4.799769470764659e-10     ctmTdsLR_2_2462          
0                         1.496986867799421e-09     1.496986867799421e-09     ctmTdsLR_2_3244          
0                         1.140221805862041e-09     1.140221805862041e-09     ctmTdsLR_1_4454          
0                         4.0798915357243e-09       4.0798915357243e-09       ctmTdsLR_1_4094          
0                         7.601835827486525e-10     7.601835827486525e-10     ctmTdsLR_1_4265          
0                         7.600847728994609e-10     7.600847728994609e-10     ctmTdsLR_1_4266          
0                         1.797695325933546e-09     1.797695325933546e-09     ctmTdsLR_3_1353          
0                         9.897715980144994e-10     9.897715980144994e-10     ctmTdsLR_2_3246          
0                         1.14427356479041e-09      1.14427356479041e-09      ctmTdsLR_2_3250          
0                         8.606406143307765e-10     8.606406143307765e-10     ctmTdsLR_3_1872          
0                         1.164380036833279e-09     1.164380036833279e-09     ctmTdsLR_1_4437          
0                         3.659161307290049e-10     3.659161307290049e-10     U242                     
0                         2.042748054043031e-10     2.042748054043031e-10     ctmTdsLR_2_4458          
0                         1.822971329445977e-09     1.822971329445977e-09     ctmTdsLR_1_4153          
0                         9.214706220284086e-10     9.214706220284086e-10     U224                     
0                         1.16591070131733e-09      1.16591070131733e-09      ctmTdsLR_1_4446          
0                         7.421303571675253e-10     7.421303571675253e-10     ctmTdsLR_1_4039          
0                         7.597487639010581e-10     7.597487639010581e-10     ctmTdsLR_1_3985          
0                         5.591998863962999e-09     5.591998863962999e-09     rp_reg_1_1               
0                         7.256348855122496e-10     7.256348855122496e-10     ctmTdsLR_1_3562          
0                         1.718381548165837e-09     1.718381548165837e-09     ctmTdsLR_1_3963          
0                         5.382966850042692e-10     5.382966850042692e-10     ctmTdsLR_1_4021          
0                         4.494443039959606e-09     4.494443039959606e-09     dpll_state_reg_1_        
0                         9.998799566091066e-10     9.998799566091066e-10     ctmTdsLR_2_4427          
0                         2.109639130054575e-09     2.109639130054575e-09     ctmTdsLR_1_4278          
0                         2.810361277028051e-09     2.810361277028051e-09     hold_reg_reg_0_          
0                         5.184913054456786e-10     5.184913054456786e-10     ctmTdsLR_3_4442          
0                         7.075831032210544e-10     7.075831032210544e-10     U510                     
0                         7.162142434680163e-09     7.162142434680163e-09     dpll_state_reg_0_        
0                         3.567243445079527e-10     3.567243445079527e-10     U239                     
0                         3.042893270688296e-09     3.042893270688296e-09     ctmTdsLR_2_4137          
0                         1.237709379431351e-09     1.237709379431351e-09     ctmTdsLR_1_4280          
0                         1.127614446261305e-09     1.127614446261305e-09     ctmTdsLR_1_4443          
0                         5.060135643830677e-10     5.060135643830677e-10     ctmTdsLR_1_4159          
0                         1.825467665916847e-09     1.825467665916847e-09     ctmTdsLR_1_4340          
0                         7.667354529061754e-10     7.667354529061754e-10     ctmTdsLR_1_3962          
0                         3.571197504381729e-10     3.571197504381729e-10     ctmTdsLR_1_2423          
0                         1.705070529212094e-10     1.705070529212094e-10     ctmTdsLR_2_3958          
0                         7.431928961132428e-10     7.431928961132428e-10     ctmTdsLR_3_1537          
0                         7.949348956870494e-10     7.949348956870494e-10     ctmTdsLR_1_4061          
0                         2.400364129684363e-09     2.400364129684363e-09     U74                      
0                         1.003163885293645e-09     1.003163885293645e-09     ctmTdsLR_2_4204          
0                         1.015717510099989e-09     1.015717510099989e-09     ctmTdsLR_1_3649          
0                         7.720266648192364e-10     7.720266648192364e-10     ctmTdsLR_1_446           
0                         7.602138363260735e-10     7.602138363260735e-10     ctmTdsLR_1_4420          
0                         3.995721087335369e-09     3.995721087335369e-09     ctmTdsLR_1_4088          
0                         1.158744322715677e-09     1.158744322715677e-09     ctmTdsLR_1_4450          
0                         9.961763636212595e-10     9.961763636212595e-10     ctmTdsLR_3_1534          
0                         1.496986867799421e-09     1.496986867799421e-09     ctmTdsLR_2_2909          
0                         7.383835765040203e-10     7.383835765040203e-10     ctmTdsLR_1_3612          
0                         1.496986867799421e-09     1.496986867799421e-09     ctmTdsLR_2_3040          
0                         1.496986867799421e-09     1.496986867799421e-09     ctmTdsLR_2_4043          
0                         9.16140885376393e-10      9.16140885376393e-10      ctmTdsLR_1_2461          
0                         4.044100609945644e-09     4.044100609945644e-09     ctmTdsLR_1_4042          
0                         1.046167263929476e-09     1.046167263929476e-09     ctmTdsLR_2_4261          
0                         8.815156382624423e-10     8.815156382624423e-10     ctmTdsLR_2_4212          
0                         5.140874392850492e-09     5.140874392850492e-09     wp_reg_0_1               
0                         5.127046565078786e-10     5.127046565078786e-10     ctmTdsLR_1_4019          
0                         1.36181232957e-09         1.36181232957e-09         ctmTdsLR_1_4457          
0                         1.126090887204612e-09     1.126090887204612e-09     ctmTdsLR_1_4277          
0                         5.144814019253374e-10     5.144814019253374e-10     ctmTdsLR_2_4058          
0                         5.135671887757098e-10     5.135671887757098e-10     ctmTdsLR_3_4126          
0                         5.112945067331509e-10     5.112945067331509e-10     ctmTdsLR_1_2320          
0                         5.173703243599448e-09     5.173703243599448e-09     rp_reg_0_                
0                         7.727831152770648e-10     7.727831152770648e-10     ctmTdsLR_1_2935          
0                         1.572662555737736e-09     1.572662555737736e-09     ctmTdsLR_1_3039          
0                         1.534168014849513e-09     1.534168014849513e-09     ctmTdsLR_1_4007          
0                         7.881368335738159e-10     7.881368335738159e-10     ctmTdsLR_1_4440          
0                         1.047263831210898e-09     1.047263831210898e-09     ctmTdsLR_1_2372          
0                         7.352882747113654e-10     7.352882747113654e-10     ctmTdsLR_2_2971          
0                         1.851181874457097e-09     1.851181874457097e-09     ctmTdsLR_1_3345          
0                         5.162063554386975e-10     5.162063554386975e-10     ctmTdsLR_1_2399          
0                         4.41149827778986e-09      4.41149827778986e-09      tx_bit_cnt_reg_0_        
0                         1.535724436507735e-09     1.535724436507735e-09     ctmTdsLR_1_3977          
0                         1.539380400927826e-09     1.539380400927826e-09     ctmTdsLR_3_3614          
0                         1.129316529180358e-09     1.129316529180358e-09     ctmTdsLR_1_4276          
0                         2.610878846454057e-09     2.610878846454057e-09     txd_o_reg                
0                         1.744099531464371e-09     1.744099531464371e-09     ctmTdsLR_1_3999          
0                         1.557606932323097e-09     1.557606932323097e-09     ctmTdsLR_1_4053          
0                         5.686607629229457e-09     5.686607629229457e-09     rp_reg_0_1               
0                         3.886878374714797e-09     3.886878374714797e-09     gb_reg                   
0                         5.731577878975713e-09     5.731577878975713e-09     mem_reg_1__0_1           
0                         5.731100483075124e-09     5.731100483075124e-09     mem_reg_1__2_1           
0                         5.721266127522995e-09     5.721266127522995e-09     mem_reg_2__7_1           
0                         5.718063800230766e-09     5.718063800230766e-09     mem_reg_2__1_1           
0                         5.720187434832269e-09     5.720187434832269e-09     mem_reg_3__6_1           
0                         7.299266191473919e-10     7.299266191473919e-10     ctmTdsLR_1_4203          
0                         5.721266127522995e-09     5.721266127522995e-09     mem_reg_3__7_1           
0                         7.287614400830478e-10     7.287614400830478e-10     ctmTdsLR_1_4017          
0                         1.035385999159644e-09     1.035385999159644e-09     ctmTdsLR_2_4116          
0                         7.308431637653712e-10     7.308431637653712e-10     ctmTdsLR_1_2366          
0                         5.719496432021742e-09     5.719496432021742e-09     mem_reg_3__2_1           
0                         5.870016472897532e-09     5.870016472897532e-09     mem_reg_0__5_1           
0                         5.891095167243066e-09     5.891095167243066e-09     mem_reg_0__0_1           
0                         7.499694754109498e-10     7.499694754109498e-10     ctmTdsLR_1_4426          
0                         7.051120798351462e-10     7.051120798351462e-10     ctmTdsLR_2_3613          
0                         5.720458329250278e-09     5.720458329250278e-09     mem_reg_2__4_1           
0                         5.720300233491571e-09     5.720300233491571e-09     mem_reg_2__0_1           
0                         7.73258457265058e-10      7.73258457265058e-10      ctmTdsLR_1_4260          
0                         5.930466340231533e-09     5.930466340231533e-09     mem_reg_0__1_1           
0                         1.133645732842581e-09     1.133645732842581e-09     ctmTdsLR_1_1885          
0                         3.729224484771976e-09     3.729224484771976e-09     rx_bit_cnt_reg_0_        
0                         5.72003644450092e-09      5.72003644450092e-09      mem_reg_2__3_1           
0                         3.61965524220409e-09      3.61965524220409e-09      rx_bit_cnt_reg_2_        
0                         4.326667912835092e-09     4.326667912835092e-09     rx_bit_cnt_reg_3_        
0                         5.908831202106057e-09     5.908831202106057e-09     mem_reg_0__6_1           
0                         5.72003644450092e-09      5.72003644450092e-09      mem_reg_3__3_1           
0                         5.720300233491571e-09     5.720300233491571e-09     mem_reg_3__0_1           
0                         5.9415827813325e-09       5.9415827813325e-09       mem_reg_0__7_1           
0                         5.71973890473032e-09      5.71973890473032e-09      mem_reg_2__5_1           
0                         5.738536312804854e-09     5.738536312804854e-09     mem_reg_1__7_1           
0                         7.276285685087203e-10     7.276285685087203e-10     ctmTdsLR_1_4264          
0                         4.348934545816974e-09     4.348934545816974e-09     rx_bit_cnt_reg_1_        
0                         5.883280973506544e-09     5.883280973506544e-09     mem_reg_0__2_1           
0                         5.719496432021742e-09     5.719496432021742e-09     mem_reg_2__2_1           
0                         5.755492971104559e-09     5.755492971104559e-09     mem_reg_1__6_1           
0                         5.718063800230766e-09     5.718063800230766e-09     mem_reg_3__1_1           
0                         5.720187434832269e-09     5.720187434832269e-09     mem_reg_2__6_1           
0                         5.73093528188906e-09      5.73093528188906e-09      mem_reg_1__1_1           
0                         5.7374518469544e-09       5.7374518469544e-09       mem_reg_1__3_1           
0                         5.755613763369638e-09     5.755613763369638e-09     mem_reg_1__5_1           
0                         4.977196987887567e-10     4.977196987887567e-10     ctmTdsLR_1_3501          
0                         5.841674255435692e-09     5.841674255435692e-09     mem_reg_0__4_1           
0                         5.851208406681963e-09     5.851208406681963e-09     mem_reg_0__3_1           
0                         7.269210233751267e-10     7.269210233751267e-10     ctmTdsLR_1_1787          
0                         5.71973890473032e-09      5.71973890473032e-09      mem_reg_3__5_1           
0                         5.720458329250278e-09     5.720458329250278e-09     mem_reg_3__4_1           
0                         7.261466428154506e-10     7.261466428154506e-10     ctmTdsLR_1_4243          
0                         3.181183982903235e-09     3.181183982903235e-09     rp_reg_1_                
0                         5.748838738384165e-09     5.748838738384165e-09     mem_reg_1__4_1           
0                         5.099002109432149e-09     5.099002109432149e-09     wp_reg_1_1               
0                         3.328198605601074e-09     3.328198605601074e-09     hold_reg_reg_5_          
0                         7.299966187090945e-10     7.299966187090945e-10     ctmTdsLR_1_2918          
0                         3.327011111053935e-09     3.327011111053935e-09     hold_reg_reg_4_          
0                         2.752814642903445e-09     2.752814642903445e-09     hold_reg_reg_1_          
0                         7.438512028556943e-10     7.438512028556943e-10     ctmTdsLR_1_4115          
0                         3.782203439328669e-09     3.782203439328669e-09     tx_bit_cnt_reg_1_        
0                         3.730910247412567e-09     3.730910247412567e-09     tx_bit_cnt_reg_2_        
0                         3.325857811375954e-09     3.325857811375954e-09     hold_reg_reg_3_          
0                         3.329464925982961e-09     3.329464925982961e-09     hold_reg_reg_6_          
0                         3.329946096641834e-09     3.329946096641834e-09     hold_reg_reg_7_          
0                         3.330201669982102e-09     3.330201669982102e-09     hold_reg_reg_8_          
0                         3.583374486026969e-09     3.583374486026969e-09     gb_reg1                  
0                         3.324453601294408e-09     3.324453601294408e-09     hold_reg_reg_2_          
0                         4.332991299094147e-09     4.332991299094147e-09     tx_bit_cnt_reg_3_        

