Max_Rise             Max_Fall             Min_Rise             Min_Fall             Point               
----------------------------------------------------------------------------------------------------
0.001000             0.001000             0.001000             0.001000             clk                 
0.001000             0.001000             0.001000             0.001000             rst                 
0.001000             0.001000             0.001000             0.001000             rxd_i               
0.009249             0.008724             0.008987             0.008542             txd_o               
0.001000             0.001000             0.001000             0.001000             cts_i               
0.013940             0.014243             0.013940             0.014243             rts_o               
0.001000             0.001000             0.001000             0.001000             sio_ce              
0.001000             0.001000             0.001000             0.001000             sio_ce_x4           
0.001000             0.001000             0.001000             0.001000             din_i[7]            
0.001000             0.001000             0.001000             0.001000             din_i[6]            
0.001000             0.001000             0.001000             0.001000             din_i[5]            
0.001000             0.001000             0.001000             0.001000             din_i[4]            
0.001000             0.001000             0.001000             0.001000             din_i[3]            
0.001000             0.001000             0.001000             0.001000             din_i[2]            
0.001000             0.001000             0.001000             0.001000             din_i[1]            
0.001000             0.001000             0.001000             0.001000             din_i[0]            
0.015226             0.023104             0.008944             0.021482             dout_o[7]           
0.014582             0.017647             0.007386             0.016024             dout_o[6]           
0.013656             0.018210             0.007887             0.016449             dout_o[5]           
0.015747             0.021973             0.008873             0.020688             dout_o[4]           
0.014465             0.024524             0.009873             0.022760             dout_o[3]           
0.015635             0.024921             0.010157             0.024088             dout_o[2]           
0.012410             0.016773             0.009831             0.014607             dout_o[1]           
0.013625             0.020662             0.008486             0.019245             dout_o[0]           
0.001000             0.001000             0.001000             0.001000             re_i                
0.001000             0.001000             0.001000             0.001000             we_i                
0.080084             0.033403             0.079602             0.029210             full_o              
0.043358             0.020843             0.042938             0.017096             empty_o             
0.000000             0.000000             0.000000             0.000000             VDD                 
0.000000             0.000000             0.000000             0.000000             VSS                 

