Max_Rise             Max_Fall             Min_Rise             Min_Fall             Point               
----------------------------------------------------------------------------------------------------
NA                   0                    NA                   0                    clk                 
0                    0                    0                    0                    rst                 
0                    0                    0                    0                    rxd_i               
0.164263             0.191299             0.163009             0.190149             txd_o               
0                    0                    0                    0                    cts_i               
0.146456             0.181897             0.145972             0.181407             rts_o               
0                    0                    0                    0                    sio_ce              
0                    0                    0                    0                    sio_ce_x4           
0                    0                    0                    0                    din_i[7]            
0                    0                    0                    0                    din_i[6]            
0                    0                    0                    0                    din_i[5]            
0                    0                    0                    0                    din_i[4]            
0                    0                    0                    0                    din_i[3]            
0                    0                    0                    0                    din_i[2]            
0                    0                    0                    0                    din_i[1]            
0                    0                    0                    0                    din_i[0]            
0.279455             0.283222             0.221192             0.22266              dout_o[7]           
0.276781             0.272437             0.219676             0.216671             dout_o[6]           
0.278488             0.274381             0.218979             0.2164               dout_o[5]           
0.281573             0.295191             0.213469             0.20997              dout_o[4]           
0.278207             0.27631              0.227016             0.220167             dout_o[3]           
0.278942             0.292804             0.207685             0.221777             dout_o[2]           
0.278419             0.301482             0.220991             0.210946             dout_o[1]           
0.275562             0.273816             0.229424             0.218446             dout_o[0]           
0                    0                    0                    0                    re_i                
0                    0                    0                    0                    we_i                
0.262569             0.233607             0.228117             0.202026             full_o              
0.268026             0.245298             0.15963              0.109042             empty_o             
*                    *                    *                    *                    VDD                 
*                    *                    *                    *                    VSS                 

