Max_Rise             Max_Fall             Min_Rise             Min_Fall             Point               
----------------------------------------------------------------------------------------------------
0.001000             0.001000             0.001000             0.001000             clk                 
0.001000             0.001000             0.001000             0.001000             rst                 
0.001000             0.001000             0.001000             0.001000             rxd_i               
0.010652             0.010126             0.010314             0.009860             txd_o               
0.001000             0.001000             0.001000             0.001000             cts_i               
0.014859             0.015067             0.014859             0.015068             rts_o               
0.001000             0.001000             0.001000             0.001000             sio_ce              
0.001000             0.001000             0.001000             0.001000             sio_ce_x4           
0.001000             0.001000             0.001000             0.001000             din_i[7]            
0.001000             0.001000             0.001000             0.001000             din_i[6]            
0.001000             0.001000             0.001000             0.001000             din_i[5]            
0.001000             0.001000             0.001000             0.001000             din_i[4]            
0.001000             0.001000             0.001000             0.001000             din_i[3]            
0.001000             0.001000             0.001000             0.001000             din_i[2]            
0.001000             0.001000             0.001000             0.001000             din_i[1]            
0.001000             0.001000             0.001000             0.001000             din_i[0]            
0.018197             0.037954             0.015292             0.035024             dout_o[7]           
0.015350             0.030311             0.012619             0.029300             dout_o[6]           
0.011919             0.019243             0.008030             0.017560             dout_o[5]           
0.015620             0.021640             0.009362             0.018230             dout_o[4]           
0.014282             0.019201             0.008572             0.018410             dout_o[3]           
0.015222             0.022200             0.011778             0.018848             dout_o[2]           
0.017145             0.032471             0.012917             0.030805             dout_o[1]           
0.012840             0.019639             0.009162             0.018485             dout_o[0]           
0.001000             0.001000             0.001000             0.001000             re_i                
0.001000             0.001000             0.001000             0.001000             we_i                
0.126640             0.049189             0.124886             0.045842             full_o              
0.040139             0.018773             0.039261             0.015923             empty_o             
0.000000             0.000000             0.000000             0.000000             VDD                 
0.000000             0.000000             0.000000             0.000000             VSS                 

