Gate_Leakage              Intrinsic_Leakage         Total_Leakage             Cell                     
--------------------------------------------------------------------------------
*                         *                         *                         optlc_3447               
*                         *                         *                         optlc_3448               
0                         2.353759964712765e-10     2.353759964712765e-10     U32                      
0                         2.353759964712765e-10     2.353759964712765e-10     U441                     
0                         4.491101379677787e-10     4.491101379677787e-10     ctmTdsLR_1_547           
0                         2.995171000108598e-09     2.995171000108598e-09     ctmTdsLR_1_3311          
0                         1.149912942643994e-09     1.149912942643994e-09     U149                     
0                         2.113337560505357e-10     2.113337560505357e-10     U351                     
0                         1.026547513660603e-09     1.026547513660603e-09     ctmTdsLR_5_703           
0                         6.279450737167735e-09     6.279450737167735e-09     U141                     
0                         8.208799862075011e-09     8.208799862075011e-09     ctmTdsLR_1_3063          
0                         1.821417461300712e-09     1.821417461300712e-09     ctosc_gls_inst_2901      
0                         4.182235113781019e-10     4.182235113781019e-10     copt_h_inst_3426         
0                         4.240435114155616e-09     4.240435114155616e-09     rxd_s_reg                
0                         8.200217727072356e-10     8.200217727072356e-10     U172                     
0                         1.469562527223189e-10     1.469562527223189e-10     U178                     
0                         6.250014950026639e-10     6.250014950026639e-10     U179                     
0                         2.322425363132652e-09     2.322425363132652e-09     ctmTdsLR_2_1148          
0                         4.182235113781019e-10     4.182235113781019e-10     copt_h_inst_3427         
0                         3.262204728571305e-09     3.262204728571305e-09     rx_sio_ce_r2_reg         
0                         3.484190713720636e-09     3.484190713720636e-09     ctmTdsLR_1_3300          
0                         1.679851396874099e-10     1.679851396874099e-10     ctmTdsLR_1_729           
0                         1.702780000334414e-10     1.702780000334414e-10     ctmTdsLR_4_2659          
0                         3.02835490018083e-09      3.02835490018083e-09      rxd_r_reg                
0                         1.489908085794411e-09     1.489908085794411e-09     ctmTdsLR_2_3134          
0                         2.661079134824718e-09     2.661079134824718e-09     ctmTdsLR_2_2657          
0                         3.191481967590448e-09     3.191481967590448e-09     ctosc_gls_inst_2903      
0                         1.001360994123957e-09     1.001360994123957e-09     ctmTdsLR_1_3039          
0                         3.484190713720636e-09     3.484190713720636e-09     ctmTdsLR_1_3229          
0                         1.702780000334414e-10     1.702780000334414e-10     ctmTdsLR_5_710           
0                         5.702443517385802e-10     5.702443517385802e-10     U31                      
0                         3.509672108492623e-09     3.509672108492623e-09     ZBUF_50_inst_196         
0                         1.479027900153085e-09     1.479027900153085e-09     ctmTdsLR_2_3175          
0                         1.373909208624013e-09     1.373909208624013e-09     U721                     
0                         1.229838675342876e-09     1.229838675342876e-09     ctmTdsLR_3_3396          
0                         5.942508707335037e-10     5.942508707335037e-10     U164                     
0                         1.361109780440017e-09     1.361109780440017e-09     ctmTdsLR_1_2541          
0                         3.093372891171953e-09     3.093372891171953e-09     ctmTdsLR_1_698           
0                         4.811290255091194e-10     4.811290255091194e-10     U431                     
0                         1.403803850941188e-09     1.403803850941188e-09     U176                     
0                         4.182235113781019e-10     4.182235113781019e-10     ropt_h_inst_3488         
0                         1.8924617428695e-09       1.8924617428695e-09       ctmTdsLR_2_1901          
0                         4.182235113781019e-10     4.182235113781019e-10     copt_h_inst_3433         
0                         2.443847624267192e-10     2.443847624267192e-10     ctmTdsLR_1_2042          
0                         5.207019704300819e-09     5.207019704300819e-09     U121                     
0                         2.27498286875516e-09      2.27498286875516e-09      U991                     
0                         6.05843208933976e-10      6.05843208933976e-10      ctmTdsLR_2_1404          
0                         1.821417461300712e-09     1.821417461300712e-09     ctosc_gls_inst_2904      
0                         2.195067599908285e-10     2.195067599908285e-10     U169                     
0                         1.702780000334414e-10     1.702780000334414e-10     ctmTdsLR_4_481           
0                         5.762036958678607e-10     5.762036958678607e-10     U165                     
0                         2.36210540016657e-09      2.36210540016657e-09      U139                     
0                         3.8626363219052e-10       3.8626363219052e-10       U166                     
0                         6.05843208933976e-10      6.05843208933976e-10      ctmTdsLR_2_568           
0                         2.342324112447614e-09     2.342324112447614e-09     ctmTdsLR_2_3185          
0                         1.216791334357481e-09     1.216791334357481e-09     U29                      
0                         1.532313581575906e-10     1.532313581575906e-10     ctmTdsLR_2_576           
0                         1.392722825954706e-09     1.392722825954706e-09     ctmTdsLR_2_3302          
0                         6.047934930641929e-10     6.047934930641929e-10     U161                     
0                         2.987858183089998e-09     2.987858183089998e-09     ctmTdsLR_1_1234          
0                         5.762252341945384e-10     5.762252341945384e-10     ctmTdsLR_3_2553          
0                         1.174850439156216e-09     1.174850439156216e-09     ctmTdsLR_1_3357          
0                         3.161189532363551e-09     3.161189532363551e-09     U271                     
0                         2.318093217379413e-10     2.318093217379413e-10     U20                      
0                         1.136694294245899e-09     1.136694294245899e-09     copt_h_inst_3430         
0                         5.76548475628158e-10      5.76548475628158e-10      ctmTdsLR_2_3378          
0                         1.136694405268202e-09     1.136694405268202e-09     copt_h_inst_3432         
0                         6.105649874577068e-10     6.105649874577068e-10     ctmTdsLR_2_3381          
0                         6.074036829062379e-10     6.074036829062379e-10     ctmTdsLR_4_628           
0                         3.52324974750573e-10      3.52324974750573e-10      U55                      
0                         3.075844690059171e-09     3.075844690059171e-09     ctmTdsLR_1_450           
0                         4.415101617638584e-10     4.415101617638584e-10     ctmTdsLR_1_1202          
0                         2.802562626413874e-09     2.802562626413874e-09     ctmTdsLR_2_2542          
0                         1.475241151460693e-09     1.475241151460693e-09     ctmTdsLR_3_677           
0                         3.602532994140262e-10     3.602532994140262e-10     U126                     
0                         1.494085966058378e-09     1.494085966058378e-09     U106                     
0                         4.182234836225263e-10     4.182234836225263e-10     copt_h_inst_3437         
0                         1.702780000334414e-10     1.702780000334414e-10     U30                      
0                         3.640670653837219e-09     3.640670653837219e-09     rx_valid_r_reg           
0                         4.182235113781019e-10     4.182235113781019e-10     ropt_h_inst_3487         
0                         4.811290255091194e-10     4.811290255091194e-10     U140                     
0                         4.182234836225263e-10     4.182234836225263e-10     copt_h_inst_3434         
0                         1.373909208624013e-09     1.373909208624013e-09     gre_INV_2_fp_inst_3464   
0                         4.182235113781019e-10     4.182235113781019e-10     copt_h_inst_3425         
0                         2.322425363132652e-09     2.322425363132652e-09     U133                     
0                         1.329777288283651e-09     1.329777288283651e-09     ctmTdsLR_1_2464          
0                         1.361109780440017e-09     1.361109780440017e-09     ctmTdsLR_2_1235          
0                         4.182235113781019e-10     4.182235113781019e-10     copt_gre_h_inst_3470     
0                         4.182234836225263e-10     4.182234836225263e-10     copt_gre_h_inst_3472     
0                         1.821417461300712e-09     1.821417461300712e-09     ctosc_gls_inst_2905      
0                         4.182234836225263e-10     4.182234836225263e-10     ropt_h_inst_3490         
0                         1.1366988461603e-09       1.1366988461603e-09       ctmTdsLR_1_410           
0                         1.475241151460693e-09     1.475241151460693e-09     ctmTdsLR_1_2655          
0                         3.620657551550721e-09     3.620657551550721e-09     ctmTdsLR_1_3031          
0                         7.617844688390107e-10     7.617844688390107e-10     U54                      
0                         8.302474263643944e-10     8.302474263643944e-10     ctmTdsLR_1_1459          
0                         2.38548958364504e-10      2.38548958364504e-10      ctmTdsLR_1_567           
0                         4.15897360994677e-09      4.15897360994677e-09      ctmTdsLR_1_3110          
0                         2.311922042697034e-10     2.311922042697034e-10     U1210                    
0                         2.11195741450787e-10      2.11195741450787e-10      U184                     
0                         2.441594926239077e-09     2.441594926239077e-09     U173                     
0                         1.821417461300712e-09     1.821417461300712e-09     ctosc_gls_inst_2910      
0                         2.540246901716614e-09     2.540246901716614e-09     ctmTdsLR_2_3320          
0                         5.166361227715299e-10     5.166361227715299e-10     ctmTdsLR_3_3193          
0                         1.254695125574301e-09     1.254695125574301e-09     ctmTdsLR_3_1405          
0                         1.762138657213086e-09     1.762138657213086e-09     ZINV_4_inst_3029         
0                         1.027856022517426e-09     1.027856022517426e-09     U199                     
0                         3.872763221224318e-10     3.872763221224318e-10     gre_a_INV_32_inst_3469   
0                         1.836079732697726e-09     1.836079732697726e-09     U122                     
0                         2.034052482002835e-09     2.034052482002835e-09     ctmTdsLR_2_676           
0                         2.910089724750264e-09     2.910089724750264e-09     U201                     
0                         2.917253549838961e-09     2.917253549838961e-09     U205                     
0                         1.821417461300712e-09     1.821417461300712e-09     ctosc_gls_inst_2911      
0                         3.191481967590448e-09     3.191481967590448e-09     ctosc_gls_inst_2912      
0                         5.765606880814289e-10     5.765606880814289e-10     ctmTdsLR_5_1241          
0                         3.673853443686426e-10     3.673853443686426e-10     ctmTdsLR_1_1900          
0                         2.145122690588863e-10     2.145122690588863e-10     ctmTdsLR_3_3388          
0                         3.480392085641881e-10     3.480392085641881e-10     U152                     
0                         3.203481480085202e-09     3.203481480085202e-09     U301                     
0                         4.811290255091194e-10     4.811290255091194e-10     ctmTdsLR_4_637           
0                         2.920480968171546e-09     2.920480968171546e-09     U202                     
0                         2.925047981605644e-09     2.925047981605644e-09     U203                     
0                         1.357411738567293e-09     1.357411738567293e-09     ctmTdsLR_1_2533          
0                         2.919265496004186e-09     2.919265496004186e-09     U206                     
0                         8.982511401356419e-10     8.982511401356419e-10     ctmTdsLR_3_1239          
0                         3.819449756470306e-10     3.819449756470306e-10     U741                     
0                         2.925365061301477e-09     2.925365061301477e-09     U204                     
0                         5.202681063742887e-10     5.202681063742887e-10     ctmTdsLR_3_3242          
0                         3.191481967590448e-09     3.191481967590448e-09     ctosc_gls_inst_2907      
0                         6.556209464214646e-10     6.556209464214646e-10     ctmTdsLR_3_3379          
0                         1.466575416664284e-09     1.466575416664284e-09     ctmTdsLR_1_3044          
0                         9.029018421813362e-09     9.029018421813362e-09     U311                     
0                         2.630408335591028e-09     2.630408335591028e-09     ctmTdsLR_1_731           
0                         6.246299588674731e-10     6.246299588674731e-10     ctmTdsLR_3_3391          
0                         2.374766827628605e-09     2.374766827628605e-09     U17                      
0                         9.20491127764933e-10      9.20491127764933e-10      ctmTdsLR_1_727           
0                         1.0671102890214e-10       1.0671102890214e-10       U124                     
0                         5.920919310398176e-09     5.920919310398176e-09     load_reg                 
0                         5.134379588156435e-10     5.134379588156435e-10     ctmTdsLR_2_3276          
0                         1.949065797646199e-09     1.949065797646199e-09     ctmTdsLR_1_3133          
0                         1.136693961178992e-09     1.136693961178992e-09     ctosc_gls_inst_2902      
0                         3.516929525382295e-10     3.516929525382295e-10     ctmTdsLR_3_3266          
0                         4.778925588588834e-10     4.778925588588834e-10     ctmTdsLR_6_583           
0                         1.985660968983893e-09     1.985660968983893e-09     ctmTdsLR_3_3176          
0                         7.900341714162096e-09     7.900341714162096e-09     U160                     
0                         4.033685607751636e-10     4.033685607751636e-10     ctmTdsLR_3_3382          
0                         4.378085671774556e-10     4.378085671774556e-10     ctmTdsLR_3_1281          
0                         2.36668062925105e-09      2.36668062925105e-09      ctmTdsLR_1_1373          
0                         2.916074715031414e-09     2.916074715031414e-09     U207                     
0                         3.380813962117202e-10     3.380813962117202e-10     ctmTdsLR_4_3256          
0                         2.632650097922351e-09     2.632650097922351e-09     U246                     
0                         2.943948196332258e-09     2.943948196332258e-09     U27                      
0                         2.989551717291761e-09     2.989551717291761e-09     ctmTdsLR_2_3142          
0                         5.337299491259273e-10     5.337299491259273e-10     ctmTdsLR_2_3155          
0                         3.222128786006806e-09     3.222128786006806e-09     ctmTdsLR_1_3184          
0                         2.925132358555516e-10     2.925132358555516e-10     ctmTdsLR_3_441           
0                         4.542490827930123e-09     4.542490827930123e-09     ctosc_gls_inst_2908      
0                         1.821417461300712e-09     1.821417461300712e-09     ctosc_gls_inst_2909      
0                         4.172166501170693e-10     4.172166501170693e-10     ctmTdsLR_3_2658          
0                         8.633371240129861e-10     8.633371240129861e-10     ctmTdsLR_3_1904          
0                         1.608994826263199e-09     1.608994826263199e-09     ctmTdsLR_2_734           
0                         2.702057022574422e-09     2.702057022574422e-09     ctmTdsLR_1_3319          
0                         1.702780000334414e-10     1.702780000334414e-10     ctmTdsLR_3_669           
0                         1.140021854695306e-09     1.140021854695306e-09     ctmTdsLR_1_3141          
0                         5.948960768442646e-10     5.948960768442646e-10     ctmTdsLR_2_2552          
0                         1.74635347849339e-10      1.74635347849339e-10      ctmTdsLR_8_2654          
0                         2.057325865223447e-09     2.057325865223447e-09     U119                     
0                         2.18173012989098e-09      2.18173012989098e-09      ctmTdsLR_1_3195          
0                         2.920534925010543e-09     2.920534925010543e-09     U208                     
0                         1.496373247533711e-09     1.496373247533711e-09     ctmTdsLR_2_682           
0                         6.286737241900653e-10     6.286737241900653e-10     ctmTdsLR_2_3422          
0                         1.24603740658813e-08      1.24603740658813e-08      ctmTdsLR_1_1919          
0                         3.743371834730169e-09     3.743371834730169e-09     ctmTdsLR_3_1236          
0                         9.117734345309714e-10     9.117734345309714e-10     ctmTdsLR_1_1895          
0                         5.63962931909856e-10      5.63962931909856e-10      ctmTdsLR_3_416_roptpi_3424
0                         4.791466667875e-10        4.791466667875e-10        gre_a_INV_23_inst_3468   
0                         1.642843527882576e-09     1.642843527882576e-09     ctmTdsLR_4_3157          
0                         5.238530720319545e-10     5.238530720319545e-10     ctmTdsLR_4_3243          
0                         6.542338198967101e-11     6.542338198967101e-11     ctmTdsLR_3_2673          
0                         4.223341232290068e-09     4.223341232290068e-09     rxr_reg_9_               
0                         1.232449364785282e-09     1.232449364785282e-09     ctmTdsLR_2_3205          
0                         1.277778327590795e-09     1.277778327590795e-09     ctmTdsLR_5_3323          
0                         7.04361180492441e-10      7.04361180492441e-10      ctmTdsLR_5_1207          
0                         2.017538358600746e-10     2.017538358600746e-10     ctmTdsLR_5_638           
0                         8.32021451735443e-10      8.32021451735443e-10      ctmTdsLR_1_681           
0                         1.102550384324275e-09     1.102550384324275e-09     ctmTdsLR_2_3241          
0                         1.093725443546134e-09     1.093725443546134e-09     U171                     
0                         1.162195228943119e-09     1.162195228943119e-09     ctmTdsLR_2_1333          
0                         5.55466228568946e-10      5.55466228568946e-10      ctmTdsLR_2_3360          
0                         7.615639785463202e-10     7.615639785463202e-10     U158                     
0                         1.099799695758463e-09     1.099799695758463e-09     ctmTdsLR_3_3277          
0                         1.315035080828864e-09     1.315035080828864e-09     U155                     
0                         9.444706128292069e-10     9.444706128292069e-10     ctmTdsLR_1_3377          
0                         3.640670653837219e-09     3.640670653837219e-09     rx_valid_reg             
0                         3.728311437356524e-09     3.728311437356524e-09     ctmTdsLR_1_2572          
0                         4.722760515996072e-10     4.722760515996072e-10     U1910                    
0                         2.910880647633007e-09     2.910880647633007e-09     U72                      
0                         2.914847918589203e-09     2.914847918589203e-09     U69                      
0                         6.407167574273842e-10     6.407167574273842e-10     ctmTdsLR_2_3395          
0                         9.161285063896685e-10     9.161285063896685e-10     ctmTdsLR_2_2036          
0                         6.502911986672189e-09     6.502911986672189e-09     ctmTdsLR_1_3372          
0                         1.102856583834466e-09     1.102856583834466e-09     ctmTdsLR_2_3172          
0                         2.213600830414109e-10     2.213600830414109e-10     U99                      
0                         3.263274317433229e-09     3.263274317433229e-09     rx_sio_ce_r1_reg         
0                         6.007909725269656e-10     6.007909725269656e-10     ctmTdsLR_1_2656          
0                         1.183719011699225e-09     1.183719011699225e-09     ctmTdsLR_3_3173          
0                         1.276870609245861e-09     1.276870609245861e-09     U85                      
0                         1.609556710135962e-09     1.609556710135962e-09     ZBUF_245_inst_512        
0                         1.478622002615282e-09     1.478622002615282e-09     ctmTdsLR_4_1425          
0                         2.02616012856538e-09      2.02616012856538e-09      ctmTdsLR_1_1480          
0                         2.911890062406997e-09     2.911890062406997e-09     U68                      
0                         1.557562190335204e-09     1.557562190335204e-09     ctmTdsLR_2_3265          
0                         4.227859395911082e-09     4.227859395911082e-09     rxr_reg_6_               
0                         4.210308990337808e-09     4.210308990337808e-09     rxr_reg_7_               
0                         5.68527280808695e-10      5.68527280808695e-10      ctmTdsLR_3_3255          
0                         5.803129643489058e-10     5.803129643489058e-10     ctmTdsLR_2_3393          
0                         1.20980536699733e-09      1.20980536699733e-09      ctmTdsLR_3_3156          
0                         2.909536611639396e-09     2.909536611639396e-09     U66                      
0                         5.274704562019394e-10     5.274704562019394e-10     ctmTdsLR_4_3278          
0                         2.291871276094426e-10     2.291871276094426e-10     ctmTdsLR_4_417           
0                         1.110503800028084e-09     1.110503800028084e-09     ctmTdsLR_4_2554          
0                         9.316485360955085e-10     9.316485360955085e-10     U100                     
0                         9.486219587628852e-10     9.486219587628852e-10     U134                     
0                         5.167993255561498e-10     5.167993255561498e-10     ctmTdsLR_4_3194          
0                         4.21563228769628e-09      4.21563228769628e-09      rxr_reg_8_               
0                         5.880373965538865e-11     5.880373965538865e-11     ctmTdsLR_7_2653          
0                         1.418465900293597e-09     1.418465900293597e-09     ctmTdsLR_1_3380          
0                         7.760061482287028e-10     7.760061482287028e-10     ctmTdsLR_2_668           
0                         1.0698063546144e-09       1.0698063546144e-09       ctmTdsLR_1_3386          
0                         1.092754331466494e-09     1.092754331466494e-09     ctmTdsLR_1_3296          
0                         2.526884701481436e-09     2.526884701481436e-09     U28                      
0                         3.714691665379632e-09     3.714691665379632e-09     ctmTdsLR_1_3180          
0                         3.849571328373713e-09     3.849571328373713e-09     rx_sio_ce_reg            
0                         4.215266358187364e-09     4.215266358187364e-09     rxr_reg_2_               
0                         4.223340788200858e-09     4.223340788200858e-09     rxr_reg_3_               
0                         4.22958290613451e-09      4.22958290613451e-09      rxr_reg_4_               
0                         2.036967927665501e-09     2.036967927665501e-09     ctmTdsLR_1_2034          
0                         3.779100643530597e-10     3.779100643530597e-10     ctmTdsLR_1_2038          
0                         4.221612837085331e-09     4.221612837085331e-09     rxr_reg_5_               
0                         1.034643259956169e-09     1.034643259956169e-09     U34                      
0                         2.497787809918606e-10     2.497787809918606e-10     ctmTdsLR_3_1431          
0                         1.097396618021662e-09     1.097396618021662e-09     ctmTdsLR_2_3192          
0                         2.954555711198736e-09     2.954555711198736e-09     U391                     
0                         1.040354802306354e-09     1.040354802306354e-09     U52                      
0                         6.142188424540507e-10     6.142188424540507e-10     ctmTdsLR_2_3398          
0                         2.913620233968572e-09     2.913620233968572e-09     U67                      
0                         2.907834639742646e-09     2.907834639742646e-09     U70                      
0                         2.912888374950739e-09     2.912888374950739e-09     U71                      
0                         2.909560592456728e-09     2.909560592456728e-09     U73                      
0                         1.278157690798309e-09     1.278157690798309e-09     U82                      
0                         1.277004058053421e-09     1.277004058053421e-09     U83                      
0                         1.276788119675132e-09     1.276788119675132e-09     U84                      
0                         1.275321293014997e-09     1.275321293014997e-09     U86                      
0                         2.830604639569856e-09     2.830604639569856e-09     U87                      
0                         2.83463630346148e-09      2.83463630346148e-09      U88                      
0                         8.867980128002273e-09     8.867980128002273e-09     U90                      
0                         6.039752586950442e-10     6.039752586950442e-10     ctmTdsLR_1_625           
0                         1.033062857480616e-09     1.033062857480616e-09     ctmTdsLR_1_1151          
0                         2.012517374971878e-10     2.012517374971878e-10     ctmTdsLR_3_3423          
0                         1.302572050221329e-09     1.302572050221329e-09     ctmTdsLR_2_730           
0                         8.429570375056983e-10     8.429570375056983e-10     ctmTdsLR_2_732           
0                         6.636534877202394e-09     6.636534877202394e-09     rx_go_reg                
0                         9.525673583254957e-10     9.525673583254957e-10     ctmTdsLR_1_1403          
0                         5.782566092626951e-10     5.782566092626951e-10     ctmTdsLR_1_2497          
0                         2.832545531461506e-09     2.832545531461506e-09     U89                      
0                         1.10128328678627e-09      1.10128328678627e-09      ctmTdsLR_3_3206          
0                         1.812230254749636e-09     1.812230254749636e-09     U751                     
0                         4.714220680490655e-10     4.714220680490655e-10     U247                     
0                         5.227090982273808e-10     5.227090982273808e-10     ctmTdsLR_2_3384          
0                         7.400057233653001e-10     7.400057233653001e-10     ctmTdsLR_3_3385          
0                         2.727716053030349e-09     2.727716053030349e-09     ctmTdsLR_1_3073          
0                         4.388773788832623e-10     4.388773788832623e-10     ctmTdsLR_3_1216          
0                         2.516488684101148e-10     2.516488684101148e-10     ctmTdsLR_1_3359          
0                         3.129640768761988e-09     3.129640768761988e-09     mem_reg_0__2_            
0                         4.182238166894336e-10     4.182238166894336e-10     ZBUF_5_inst_2251         
0                         3.123522107628673e-09     3.123522107628673e-09     mem_reg_2__2_            
0                         3.908154244669504e-09     3.908154244669504e-09     U102                     
0                         2.869147364137348e-09     2.869147364137348e-09     ctmTdsLR_3_3143          
0                         9.745547702166846e-10     9.745547702166846e-10     U231                     
0                         1.490372936174822e-09     1.490372936174822e-09     U7                       
0                         1.014633377316443e-09     1.014633377316443e-09     U8                       
0                         9.84794024105895e-10      9.84794024105895e-10      U243                     
0                         9.577204584942933e-10     9.577204584942933e-10     ctmTdsLR_1_3421          
0                         4.971422162824979e-10     4.971422162824979e-10     ctmTdsLR_3_3411          
0                         9.905006814747708e-10     9.905006814747708e-10     ctmTdsLR_1_3240          
0                         1.914317815376876e-09     1.914317815376876e-09     ctmTdsLR_2_1318          
0                         6.483236170140572e-10     6.483236170140572e-10     ctmTdsLR_5_1283          
0                         8.505104398537355e-10     8.505104398537355e-10     ctmTdsLR_3_3288          
0                         9.412812751463662e-10     9.412812751463662e-10     ctmTdsLR_1_3389          
0                         2.075943639212596e-09     2.075943639212596e-09     ctmTdsLR_1_2032          
0                         9.69700542086116e-10      9.69700542086116e-10      U228                     
0                         9.815721568884328e-10     9.815721568884328e-10     U237                     
0                         1.743556271582847e-10     1.743556271582847e-10     ctmTdsLR_3_3402          
0                         2.035231094765777e-09     2.035231094765777e-09     ctmTdsLR_1_2578          
0                         1.490372936174822e-09     1.490372936174822e-09     ctmTdsLR_1_3076          
0                         4.228164485198249e-09     4.228164485198249e-09     shift_en_reg             
0                         1.303636421035037e-09     1.303636421035037e-09     U59                      
0                         9.886271801207158e-10     9.886271801207158e-10     ctmTdsLR_1_3275          
0                         1.459623311106384e-09     1.459623311106384e-09     ctmTdsLR_3_3366          
0                         3.12209547104203e-09      3.12209547104203e-09      mem_reg_0__0_            
0                         5.116493895229723e-10     5.116493895229723e-10     ctmTdsLR_3_3420          
0                         3.143040050446189e-09     3.143040050446189e-09     mem_reg_2__0_            
0                         1.303515628769958e-09     1.303515628769958e-09     U64                      
0                         1.127588356020226e-09     1.127588356020226e-09     ctmTdsLR_2_3368          
0                         3.126652714513511e-09     3.126652714513511e-09     mem_reg_0__4_            
0                         1.925042625305906e-10     1.925042625305906e-10     ctmTdsLR_2_3407          
0                         5.301349359498886e-10     5.301349359498886e-10     ctmTdsLR_3_3399          
0                         3.129472903040664e-09     3.129472903040664e-09     mem_reg_2__5_            
0                         2.721976866126852e-09     2.721976866126852e-09     hold_reg_reg_0_          
0                         3.318811003794053e-09     3.318811003794053e-09     ctmTdsLR_1_675           
0                         9.905229969575657e-10     9.905229969575657e-10     ctmTdsLR_1_3191          
0                         2.921232589159217e-09     2.921232589159217e-09     U79                      
0                         4.545129828059657e-10     4.545129828059657e-10     ctmTdsLR_3_3405          
0                         5.157145266387886e-10     5.157145266387886e-10     ctmTdsLR_3_3417          
0                         2.744426019773982e-09     2.744426019773982e-09     shift_en_r_reg           
0                         9.644667287034281e-10     9.644667287034281e-10     U225                     
0                         4.814157961163801e-10     4.814157961163801e-10     ctmTdsLR_2_3404          
0                         9.788120314269122e-10     9.788120314269122e-10     ctmTdsLR_1_459           
0                         3.143138638250775e-09     3.143138638250775e-09     mem_reg_2__7_            
0                         3.111589874649212e-09     3.111589874649212e-09     mem_reg_2__4_            
0                         3.135407711241101e-09     3.135407711241101e-09     mem_reg_2__1_            
0                         4.239057549426661e-09     4.239057549426661e-09     mem_reg_0__5_            
0                         1.572721619602646e-09     1.572721619602646e-09     ctmTdsLR_3_1246          
0                         3.790732172603839e-09     3.790732172603839e-09     change_reg               
0                         2.707784441113859e-09     2.707784441113859e-09     ctmTdsLR_1_3392          
0                         9.895102515145027e-10     9.895102515145027e-10     U240                     
0                         3.119125180361948e-09     3.119125180361948e-09     mem_reg_2__6_            
0                         7.500478016453371e-10     7.500478016453371e-10     ctmTdsLR_1_3251          
0                         1.304036767457717e-09     1.304036767457717e-09     U63                      
0                         2.912980079372574e-09     2.912980079372574e-09     U65                      
0                         3.152742067413783e-09     3.152742067413783e-09     mem_reg_2__3_            
0                         1.805136373711491e-09     1.805136373711491e-09     ctmTdsLR_2_3254          
0                         3.146583882340792e-09     3.146583882340792e-09     mem_reg_0__3_            
0                         1.441074815033971e-09     1.441074815033971e-09     ctmTdsLR_2_3294          
0                         4.449576818110756e-10     4.449576818110756e-10     U170                     
0                         1.305678481999806e-10     1.305678481999806e-10     U461                     
0                         3.827050065741133e-10     3.827050065741133e-10     ctmTdsLR_2_2499          
0                         1.303278041042688e-09     1.303278041042688e-09     U58                      
0                         4.411098153411785e-09     4.411098153411785e-09     txf_empty_r_reg          
0                         3.368036127771035e-10     3.368036127771035e-10     ctmTdsLR_2_3150          
0                         1.684677730651174e-09     1.684677730651174e-09     ctmTdsLR_1_3171          
0                         1.841087726717205e-09     1.841087726717205e-09     ctmTdsLR_2_3165          
0                         1.76975190058215e-09      1.76975190058215e-09      ctmTdsLR_2_3181          
0                         2.590818892755919e-09     2.590818892755919e-09     txd_o_reg                
0                         7.466981477577406e-10     7.466981477577406e-10     ctmTdsLR_1_3204          
0                         2.917428965076851e-09     2.917428965076851e-09     U60                      
0                         1.303733454527389e-09     1.303733454527389e-09     U61                      
0                         1.30144317544989e-09      1.30144317544989e-09      U62                      
0                         2.922507791325302e-09     2.922507791325302e-09     U74                      
0                         2.923236763763271e-09     2.923236763763271e-09     U75                      
0                         2.922415864858863e-09     2.922415864858863e-09     U76                      
0                         1.30557475941373e-09      1.30557475941373e-09      U77                      
0                         2.918628894121866e-09     2.918628894121866e-09     U78                      
0                         2.922790010018161e-09     2.922790010018161e-09     U80                      
0                         1.304272356783542e-09     1.304272356783542e-09     U81                      
0                         5.691251470096859e-09     5.691251470096859e-09     wp_reg_0_                
0                         5.128602542647798e-10     5.128602542647798e-10     ctmTdsLR_3_3414          
0                         3.758036104528628e-10     3.758036104528628e-10     ctmTdsLR_1_3264          
0                         3.039893226031154e-09     3.039893226031154e-09     ctmTdsLR_1_1203          
0                         3.124877245852531e-09     3.124877245852531e-09     mem_reg_0__6_            
0                         3.109209778529021e-09     3.109209778529021e-09     mem_reg_0__7_            
0                         3.744574095243536e-10     3.744574095243536e-10     U601                     
0                         5.096302824192378e-10     5.096302824192378e-10     ctmTdsLR_2_3401          
0                         9.093608643873097e-10     9.093608643873097e-10     ctmTdsLR_1_2551          
0                         1.859201903542385e-09     1.859201903542385e-09     ctmTdsLR_1_3383          
0                         1.259562121269653e-09     1.259562121269653e-09     U9                       
0                         1.471351818160826e-09     1.471351818160826e-09     ctmTdsLR_2_494           
0                         3.113688418210359e-09     3.113688418210359e-09     mem_reg_0__1_            
0                         1.794873472071856e-09     1.794873472071856e-09     ctmTdsLR_1_3394          
0                         1.228631640870503e-09     1.228631640870503e-09     ctmTdsLR_1_2491          
0                         9.947938028886938e-10     9.947938028886938e-10     ctmTdsLR_2_2502          
0                         2.366940865528022e-09     2.366940865528022e-09     U145                     
0                         4.700559386172642e-10     4.700559386172642e-10     ctmTdsLR_2_1954          
0                         3.132420156592985e-10     3.132420156592985e-10     ctmTdsLR_1_569           
0                         6.903773663857748e-10     6.903773663857748e-10     ctmTdsLR_2_3419          
0                         8.965731490562234e-10     8.965731490562234e-10     ctmTdsLR_1_2529          
0                         2.515747055120698e-10     2.515747055120698e-10     ctmTdsLR_2_3413          
0                         2.279384236913984e-09     2.279384236913984e-09     U146                     
0                         3.035528273187538e-09     3.035528273187538e-09     ctmTdsLR_1_2479          
0                         3.166454654035533e-09     3.166454654035533e-09     mem_reg_3__3_            
0                         2.026462997406497e-09     2.026462997406497e-09     ctmTdsLR_1_2490          
0                         3.126853442836364e-09     3.126853442836364e-09     mem_reg_3__5_            
0                         1.114088488129994e-09     1.114088488129994e-09     ctmTdsLR_2_3072          
0                         4.2480357009822e-09       4.2480357009822e-09       mem_reg_1__0_            
0                         6.822311049425878e-10     6.822311049425878e-10     ctmTdsLR_2_3410          
0                         2.147719502243461e-10     2.147719502243461e-10     U781                     
0                         4.221624827493997e-09     4.221624827493997e-09     mem_reg_1__4_            
0                         1.113397263274862e-09     1.113397263274862e-09     U226                     
0                         1.81752746186703e-09      1.81752746186703e-09      ctmTdsLR_2_1965          
0                         1.114695002968347e-09     1.114695002968347e-09     ctmTdsLR_2_3121          
0                         3.123545200267586e-09     3.123545200267586e-09     mem_reg_1__5_            
0                         2.224098821779208e-10     2.224098821779208e-10     ctmTdsLR_2_3371          
0                         4.235745976188809e-09     4.235745976188809e-09     mem_reg_3__1_            
0                         1.655395598376685e-09     1.655395598376685e-09     U671                     
0                         6.833200116851401e-10     6.833200116851401e-10     ctmTdsLR_2_3416          
0                         1.099065061183069e-09     1.099065061183069e-09     ctmTdsLR_2_3287          
0                         7.575880478505326e-10     7.575880478505326e-10     ctmTdsLR_2_1186          
0                         4.689751254005614e-09     4.689751254005614e-09     ctmTdsLR_1_2624          
0                         9.386204036232471e-10     9.386204036232471e-10     U710                     
0                         1.100523894237426e-09     1.100523894237426e-09     ctmTdsLR_2_3239          
0                         1.118124148824506e-09     1.118124148824506e-09     ctmTdsLR_2_3047          
0                         5.073713005288027e-09     5.073713005288027e-09     dpll_state_reg_0_        
0                         3.129196235462928e-09     3.129196235462928e-09     mem_reg_3__7_            
0                         4.262065977922447e-10     4.262065977922447e-10     ctmTdsLR_2_2669          
0                         2.511370555957626e-10     2.511370555957626e-10     ctmTdsLR_3_3408          
0                         3.119363656267637e-09     3.119363656267637e-09     mem_reg_3__4_            
0                         1.662040727268277e-09     1.662040727268277e-09     U581                     
0                         3.121093383740003e-09     3.121093383740003e-09     mem_reg_1__1_            
0                         6.995427015432654e-10     6.995427015432654e-10     ctmTdsLR_3_611           
0                         5.282121962046915e-10     5.282121962046915e-10     ctmTdsLR_3_3369          
0                         3.112713420350133e-09     3.112713420350133e-09     mem_reg_3__2_            
0                         1.134199067998054e-09     1.134199067998054e-09     U235                     
0                         3.153294736435441e-09     3.153294736435441e-09     mem_reg_3__0_            
0                         1.110356584455019e-09     1.110356584455019e-09     ctmTdsLR_1_3164          
0                         1.030994623008041e-09     1.030994623008041e-09     ctmTdsLR_2_3362          
0                         8.419895336508887e-10     8.419895336508887e-10     ctmTdsLR_1_3397          
0                         3.13102588300751e-09      3.13102588300751e-09      mem_reg_1__2_            
0                         3.147043736717592e-09     3.147043736717592e-09     mem_reg_1__3_            
0                         1.606685340327374e-10     1.606685340327374e-10     U92                      
0                         5.606987762973858e-09     5.606987762973858e-09     wp_reg_1_                
0                         3.118202140939275e-09     3.118202140939275e-09     mem_reg_1__6_            
0                         3.049074770444804e-09     3.049074770444804e-09     ctmTdsLR_1_3253          
0                         6.568443011722991e-10     6.568443011722991e-10     ctmTdsLR_1_436           
0                         3.122883951434119e-09     3.122883951434119e-09     mem_reg_1__7_            
0                         5.678323589108913e-09     5.678323589108913e-09     rp_reg_0_1               
0                         2.946603183673346e-09     2.946603183673346e-09     ctmTdsLR_1_1391          
0                         3.615430621550786e-09     3.615430621550786e-09     dpll_state_reg_1_        
0                         3.121472191836006e-09     3.121472191836006e-09     mem_reg_3__6_            
0                         9.992435767713914e-10     9.992435767713914e-10     ctmTdsLR_5_1273          
0                         1.020948214858208e-09     1.020948214858208e-09     U731                     
0                         1.173326769077221e-09     1.173326769077221e-09     ZINV_87_inst_2937        
0                         7.994274131561951e-10     7.994274131561951e-10     ctmTdsLR_1_1953          
0                         1.073588662414693e-09     1.073588662414693e-09     ctmTdsLR_1_3400          
0                         1.786128023262279e-09     1.786128023262279e-09     ctmTdsLR_2_564           
0                         4.656028063099171e-10     4.656028063099171e-10     ctmTdsLR_2_448           
0                         7.292958459359511e-10     7.292958459359511e-10     ctmTdsLR_1_3238          
0                         7.280332448011961e-10     7.280332448011961e-10     ctmTdsLR_1_3046          
0                         7.27830129498841e-10      7.27830129498841e-10      ctmTdsLR_1_3040          
0                         7.260852474821888e-10     7.260852474821888e-10     ctmTdsLR_1_3036          
0                         3.512320212450959e-09     3.512320212450959e-09     ctmTdsLR_1_3418          
0                         1.066521981840651e-09     1.066521981840651e-09     ctmTdsLR_1_3415          
0                         5.176819417584966e-09     5.176819417584966e-09     rp_reg_0_                
0                         8.192763134573511e-10     8.192763134573511e-10     ctmTdsLR_1_3370          
0                         1.670019011967838e-09     1.670019011967838e-09     ctmTdsLR_1_3361          
0                         3.042709861844628e-09     3.042709861844628e-09     ctmTdsLR_1_1894          
0                         1.609837374516587e-09     1.609837374516587e-09     ctmTdsLR_2_1177          
0                         1.75446357442155e-09      1.75446357442155e-09      ctmTdsLR_1_2571          
0                         2.426255862886251e-09     2.426255862886251e-09     rts_o_reg                
0                         2.575250679370811e-09     2.575250679370811e-09     ctmTdsLR_1_2630          
0                         1.289033324525235e-09     1.289033324525235e-09     ctmTdsLR_2_2456          
0                         2.57818566495871e-09      2.57818566495871e-09      ctmTdsLR_1_1935          
0                         6.290216125748316e-10     6.290216125748316e-10     ZINV_4_inst_2927         
0                         3.205629539593247e-09     3.205629539593247e-09     U252                     
0                         6.660093587740334e-10     6.660093587740334e-10     ctmTdsLR_1_3367          
0                         5.512200695889646e-10     5.512200695889646e-10     ctmTdsLR_1_2045          
0                         1.542889926930968e-09     1.542889926930968e-09     ctmTdsLR_1_2715          
0                         6.066736557563956e-10     6.066736557563956e-10     U771                     
0                         1.076486011442057e-09     1.076486011442057e-09     ctmTdsLR_1_3403          
0                         1.034785368503321e-09     1.034785368503321e-09     ctmTdsLR_1_3406          
0                         3.913997459470409e-10     3.913997459470409e-10     ctmTdsLR_1_3409          
0                         1.591664577915708e-09     1.591664577915708e-09     ctmTdsLR_1_3071          
0                         7.284657321804389e-10     7.284657321804389e-10     ctmTdsLR_1_3086          
0                         7.256953926670917e-10     7.256953926670917e-10     ctmTdsLR_1_3286          
0                         7.266122148408272e-10     7.266122148408272e-10     ctmTdsLR_1_3120          
0                         1.75446357442155e-09      1.75446357442155e-09      ctmTdsLR_1_1220          
0                         7.710265204075029e-10     7.710265204075029e-10     ctmTdsLR_3_680           
0                         1.402125526794862e-09     1.402125526794862e-09     ctmTdsLR_1_3149          
0                         1.065257215770998e-09     1.065257215770998e-09     ctmTdsLR_1_3412          
0                         3.804756953940114e-09     3.804756953940114e-09     rx_bit_cnt_reg_0_        
0                         5.571276773252976e-09     5.571276773252976e-09     rp_reg_1_1               
0                         4.411041754082135e-09     4.411041754082135e-09     hold_reg_reg_5_          
0                         2.686275424323981e-09     2.686275424323981e-09     ctmTdsLR_1_3098          
0                         2.963280731904661e-09     2.963280731904661e-09     U951                     
0                         7.672292245963774e-10     7.672292245963774e-10     ctmTdsLR_2_2046          
0                         2.959668288227135e-09     2.959668288227135e-09     ctmTdsLR_1_2475          
0                         2.956271893950202e-09     2.956271893950202e-09     ctmTdsLR_1_485           
0                         4.186106128400979e-09     4.186106128400979e-09     mem_reg_1__5_1           
0                         4.294676614335913e-09     4.294676614335913e-09     mem_reg_2__7_1           
0                         2.361884243740064e-09     2.361884243740064e-09     ctmTdsLR_2_3055          
0                         6.066006585925265e-10     6.066006585925265e-10     ctmTdsLR_1_3042          
0                         3.105852797169462e-10     3.105852797169462e-10     ctmTdsLR_6_2652          
0                         3.148754590398539e-10     3.148754590398539e-10     ctmTdsLR_1_2707          
0                         8.153133168598004e-10     8.153133168598004e-10     ctmTdsLR_1_2035          
0                         4.331240699428918e-09     4.331240699428918e-09     mem_reg_2__0_1           
0                         2.960147904573773e-09     2.960147904573773e-09     ctmTdsLR_1_2467          
0                         2.033256230049574e-09     2.033256230049574e-09     ctmTdsLR_1_3333          
0                         1.654262171690846e-09     1.654262171690846e-09     ctmTdsLR_2_3270          
0                         4.304204992422456e-09     4.304204992422456e-09     mem_reg_2__5_1           
0                         2.679290123097644e-09     2.679290123097644e-09     hold_reg_reg_1_          
0                         4.411595533326818e-09     4.411595533326818e-09     hold_reg_reg_2_          
0                         4.410170006963199e-09     4.410170006963199e-09     hold_reg_reg_6_          
0                         4.122178154375433e-09     4.122178154375433e-09     mem_reg_1__2_1           
0                         4.269756104235967e-09     4.269756104235967e-09     mem_reg_2__1_1           
0                         1.767731960811147e-09     1.767731960811147e-09     ZINV_259_inst_3028       
0                         4.3328043375368e-09       4.3328043375368e-09       mem_reg_2__3_1           
0                         4.528797892255909e-10     4.528797892255909e-10     ctmTdsLR_2_2043          
0                         4.411768728118659e-09     4.411768728118659e-09     tx_bit_cnt_reg_0_        
0                         2.96346014394544e-09      2.96346014394544e-09      ctmTdsLR_1_2598          
0                         4.321849100819009e-09     4.321849100819009e-09     mem_reg_2__4_1           
0                         4.4115586739224e-09       4.4115586739224e-09       hold_reg_reg_3_          
0                         4.29812185842593e-09      4.29812185842593e-09      mem_reg_2__6_1           
0                         3.916194035724629e-09     3.916194035724629e-09     gb_reg                   
0                         9.659759658831035e-10     9.659759658831035e-10     ctmTdsLR_1_3083          
0                         2.965319101377872e-09     2.965319101377872e-09     U941                     
0                         4.408934550781396e-09     4.408934550781396e-09     hold_reg_reg_7_          
0                         4.407617382184981e-09     4.407617382184981e-09     hold_reg_reg_8_          
0                         4.304025580381676e-09     4.304025580381676e-09     mem_reg_2__2_1           
0                         4.411395249093175e-09     4.411395249093175e-09     hold_reg_reg_4_          
0                         3.173597162842157e-09     3.173597162842157e-09     rp_reg_1_                
0                         2.017038536195059e-09     2.017038536195059e-09     ctmTdsLR_1_2455          
0                         5.223973698065265e-09     5.223973698065265e-09     wp_reg_1_1               
0                         2.959208211805731e-09     2.959208211805731e-09     ctmTdsLR_1_542           
0                         4.185033652959191e-09     4.185033652959191e-09     mem_reg_1__0_1           
0                         9.889700169907201e-10     9.889700169907201e-10     ctmTdsLR_1_3049          
0                         1.633420287916465e-09     1.633420287916465e-09     ctmTdsLR_2_3075          
0                         2.950300448389953e-09     2.950300448389953e-09     U811                     
0                         4.193086766690612e-09     4.193086766690612e-09     mem_reg_1__4_1           
0                         7.780258659551009e-10     7.780258659551009e-10     ctmTdsLR_1_3054          
0                         2.019785450002587e-09     2.019785450002587e-09     ctmTdsLR_3_2044          
0                         8.908919713057628e-10     8.908919713057628e-10     ctmTdsLR_1_493           
0                         3.594326614120291e-09     3.594326614120291e-09     gb_reg1                  
0                         1.180521569388304e-09     1.180521569388304e-09     ctmTdsLR_1_3269          
0                         2.955586442254798e-09     2.955586442254798e-09     ctmTdsLR_1_648           
0                         3.799594416875607e-09     3.799594416875607e-09     tx_bit_cnt_reg_1_        
0                         2.960283573827382e-09     2.960283573827382e-09     U851                     
0                         4.161590183571207e-09     4.161590183571207e-09     mem_reg_1__6_1           
0                         1.508709379649531e-09     1.508709379649531e-09     ctmTdsLR_3_2037          
0                         2.950105937316039e-09     2.950105937316039e-09     ctmTdsLR_1_3053          
0                         4.183105417610022e-09     4.183105417610022e-09     mem_reg_1__1_1           
0                         5.302192018774576e-09     5.302192018774576e-09     wp_reg_0_1               
0                         4.186809565709382e-09     4.186809565709382e-09     mem_reg_1__3_1           
0                         2.576529212205969e-09     2.576529212205969e-09     ctmTdsLR_1_1223          
0                         4.145690013501735e-09     4.145690013501735e-09     mem_reg_1__7_1           
0                         2.584166436392366e-09     2.584166436392366e-09     ctmTdsLR_2_3334          
0                         2.953113753534353e-09     2.953113753534353e-09     U841                     
0                         2.959085421139207e-09     2.959085421139207e-09     ctmTdsLR_1_570           
0                         2.956210831683848e-09     2.956210831683848e-09     ctmTdsLR_1_499           
0                         2.581061586681699e-09     2.581061586681699e-09     ctmTdsLR_1_3137          
0                         4.092375771591605e-09     4.092375771591605e-09     mem_reg_3__4_1           
0                         4.077183923811845e-09     4.077183923811845e-09     mem_reg_3__5_1           
0                         3.622185662521815e-09     3.622185662521815e-09     rx_bit_cnt_reg_2_        
0                         4.199117498160376e-09     4.199117498160376e-09     mem_reg_0__3_1           
0                         6.415811215632061e-10     6.415811215632061e-10     ctmTdsLR_1_3037          
0                         4.238030371084278e-09     4.238030371084278e-09     mem_reg_0__1_1           
0                         4.193013936060197e-09     4.193013936060197e-09     mem_reg_0__6_1           
0                         4.284620214178858e-09     4.284620214178858e-09     mem_reg_3__2_1           
0                         4.210379156432964e-09     4.210379156432964e-09     mem_reg_0__5_1           
0                         4.270947595585994e-09     4.270947595585994e-09     mem_reg_3__3_1           
0                         4.184928847905667e-09     4.184928847905667e-09     mem_reg_0__7_1           
0                         4.210616744160234e-09     4.210616744160234e-09     mem_reg_0__2_1           
0                         4.292501909475277e-09     4.292501909475277e-09     mem_reg_3__0_1           
0                         4.334781422699052e-09     4.334781422699052e-09     rx_bit_cnt_reg_1_        
0                         4.192433955552133e-09     4.192433955552133e-09     mem_reg_0__4_1           
0                         4.320976021432443e-09     4.320976021432443e-09     mem_reg_3__1_1           
0                         1.710539709876002e-09     1.710539709876002e-09     ctmTdsLR_1_3074          
0                         4.196431202529993e-09     4.196431202529993e-09     mem_reg_0__0_1           
0                         4.345059423371822e-09     4.345059423371822e-09     tx_bit_cnt_reg_3_        
0                         4.058327895961611e-09     4.058327895961611e-09     mem_reg_3__7_1           
0                         4.320124258327951e-09     4.320124258327951e-09     rx_bit_cnt_reg_3_        
0                         3.735542541960513e-09     3.735542541960513e-09     tx_bit_cnt_reg_2_        
0                         4.052931323883513e-09     4.052931323883513e-09     mem_reg_3__6_1           

